==============================================================
Vivado(TM) HLS - High-Level Synthesis from C, C++ and SystemC v2019.1 (64-bit)
Copyright 1986-2019 Xilinx, Inc. All Rights Reserved.
==============================================================
INFO: [SYN 201-201] Setting up clock 'default' with a period of 10ns.
WARNING: [HLS 200-40] Cannot find library 'C:/Xilinx/Vivado/2019.1/common/technology/xilinx/Artix-7/Artix-7.lib'.
WARNING: [HLS 200-40] Cannot find library 'xilinx/Artix-7/Artix-7'.
INFO: [HLS 200-10] Setting target device to 'xc7a12ti-csg325-1L'
INFO: [SCHED 204-61] Option 'relax_ii_for_timing' is enabled, will increase II to preserve clock frequency constraints.
INFO: [HLS 200-10] Analyzing design file 'conv.cpp' ... 
INFO: [HLS 200-111] Finished Linking Time (s): cpu = 00:00:01 ; elapsed = 00:00:11 . Memory (MB): peak = 146.199 ; gain = 54.543
INFO: [HLS 200-111] Finished Checking Pragmas Time (s): cpu = 00:00:01 ; elapsed = 00:00:11 . Memory (MB): peak = 146.199 ; gain = 54.543
INFO: [HLS 200-10] Starting code transformations ...
INFO: [HLS 200-111] Finished Standard Transforms Time (s): cpu = 00:00:01 ; elapsed = 00:00:12 . Memory (MB): peak = 146.199 ; gain = 54.543
INFO: [HLS 200-10] Checking synthesizability ...
INFO: [XFORM 203-602] Inlining function 'pool_line_buffer_shift_1_bit' into 'single_conv_test' (conv.cpp:186) automatically.
INFO: [HLS 200-111] Finished Checking Synthesizability Time (s): cpu = 00:00:02 ; elapsed = 00:00:12 . Memory (MB): peak = 146.199 ; gain = 54.543
INFO: [HLS 200-489] Unrolling loop 'single_conv_test_label11' (conv.cpp:113) in function 'single_conv_test' completely with a factor of 16.
INFO: [XFORM 203-102] Automatically partitioning small array 'go_up' (conv.cpp:57) completely based on array size.
INFO: [XFORM 203-101] Partitioning array 'go_up' (conv.cpp:57) in dimension 1 completely.
INFO: [XFORM 203-602] Inlining function 'pool_line_buffer_shift_1_bit' into 'single_conv_test' (conv.cpp:186) automatically.
WARNING: [ANALYSIS 214-31] The program may have out of bound access of array variable 'cal_pool' in function 'single_pool_calculate' (conv.cpp:48:5).
WARNING: [ANALYSIS 214-31] The program may have out of bound access of array variable 'cal_conv' in function 'single_conv_test' (conv.cpp:132:7).
WARNING: [ANALYSIS 214-31] The program may have out of bound access of array variable 'cal_conv' in function 'single_conv_test' (conv.cpp:132:7).
WARNING: [ANALYSIS 214-31] The program may have out of bound access of array variable 'cal_conv' in function 'single_conv_test' (conv.cpp:132:7).
WARNING: [ANALYSIS 214-31] The program may have out of bound access of array variable 'cal_conv' in function 'single_conv_test' (conv.cpp:132:7).
WARNING: [ANALYSIS 214-31] The program may have out of bound access of array variable 'cal_conv' in function 'single_conv_test' (conv.cpp:132:7).
WARNING: [ANALYSIS 214-31] The program may have out of bound access of array variable 'cal_conv' in function 'single_conv_test' (conv.cpp:132:7).
WARNING: [ANALYSIS 214-31] The program may have out of bound access of array variable 'cal_conv' in function 'single_conv_test' (conv.cpp:132:7).
WARNING: [ANALYSIS 214-31] The program may have out of bound access of array variable 'cal_conv' in function 'single_conv_test' (conv.cpp:132:7).
WARNING: [ANALYSIS 214-31] The program may have out of bound access of array variable 'cal_conv' in function 'single_conv_test' (conv.cpp:132:7).
WARNING: [ANALYSIS 214-31] The program may have out of bound access of array variable 'cal_conv' in function 'single_conv_test' (conv.cpp:132:7).
WARNING: [ANALYSIS 214-31] The program may have out of bound access of array variable 'cal_conv' in function 'single_conv_test' (conv.cpp:132:7).
WARNING: [ANALYSIS 214-31] The program may have out of bound access of array variable 'cal_conv' in function 'single_conv_test' (conv.cpp:132:7).
WARNING: [ANALYSIS 214-31] The program may have out of bound access of array variable 'cal_conv' in function 'single_conv_test' (conv.cpp:132:7).
WARNING: [ANALYSIS 214-31] The program may have out of bound access of array variable 'cal_conv' in function 'single_conv_test' (conv.cpp:132:7).
WARNING: [ANALYSIS 214-31] The program may have out of bound access of array variable 'cal_conv' in function 'single_conv_test' (conv.cpp:132:7).
WARNING: [ANALYSIS 214-31] The program may have out of bound access of array variable 'cal_conv' in function 'single_conv_test' (conv.cpp:132:7).
WARNING: [ANALYSIS 214-31] The program may have out of bound access of array variable 'cal_pool' in function 'single_conv_test' (conv.cpp:178:8).
WARNING: [ANALYSIS 214-31] The program may have out of bound access of array variable 'cal_pool' in function 'single_conv_test' (conv.cpp:183:7).
WARNING: [ANALYSIS 214-31] The program may have out of bound access of array variable 'conv_line_buffer' in function 'conv_line_buffer_shift_1_bit' (conv.cpp:69:5).
INFO: [XFORM 203-102] Automatically partitioning small array 'cal_pool' completely based on array size.
INFO: [XFORM 203-101] Partitioning array 'cal_pool' in dimension 1 completely.
INFO: [XFORM 203-101] Partitioning array 'cal_pool' in dimension 2 completely.
INFO: [XFORM 203-401] Performing if-conversion on hyperblock from (conv.cpp:47:4) to (conv.cpp:46:55) in function 'single_pool_calculate'... converting 4 basic blocks.
INFO: [XFORM 203-602] Inlining function 'single_pool_calculate' into 'single_conv_test' (conv.cpp:191) automatically.
INFO: [HLS 200-111] Finished Pre-synthesis Time (s): cpu = 00:00:06 ; elapsed = 00:00:17 . Memory (MB): peak = 160.020 ; gain = 68.363
WARNING: [XFORM 203-631] Renaming function 'single_conv_calculate' to 'single_conv_calculat' (conv.cpp:30:54)
WARNING: [XFORM 203-631] Renaming function 'conv_line_buffer_shift_1_bit' to 'conv_line_buffer_shi' (conv.cpp:58:62)
INFO: [HLS 200-111] Finished Architecture Synthesis Time (s): cpu = 00:00:10 ; elapsed = 00:00:21 . Memory (MB): peak = 190.305 ; gain = 98.648
INFO: [HLS 200-10] Starting hardware synthesis ...
INFO: [HLS 200-10] Synthesizing 'single_conv_test' ...
INFO: [HLS 200-10] ----------------------------------------------------------------
INFO: [HLS 200-42] -- Implementing module 'single_conv_calculat' 
INFO: [HLS 200-10] ----------------------------------------------------------------
INFO: [SCHED 204-11] Starting scheduling ...
INFO: [SCHED 204-11] Finished scheduling.
INFO: [HLS 200-111]  Elapsed time: 21.639 seconds; current allocated memory: 136.146 MB.
INFO: [HLS 200-434] Only 0 loops out of a total 2 loops have been pipelined in this design.
INFO: [BIND 205-100] Starting micro-architecture generation ...
INFO: [BIND 205-101] Performing variable lifetime analysis.
INFO: [BIND 205-101] Exploring resource sharing.
INFO: [BIND 205-101] Binding ...
INFO: [BIND 205-100] Finished micro-architecture generation.
INFO: [HLS 200-111]  Elapsed time: 0.264 seconds; current allocated memory: 136.292 MB.
INFO: [HLS 200-10] ----------------------------------------------------------------
INFO: [HLS 200-42] -- Implementing module 'conv_line_buffer_shi' 
INFO: [HLS 200-10] ----------------------------------------------------------------
INFO: [SCHED 204-11] Starting scheduling ...
INFO: [SCHED 204-11] Finished scheduling.
INFO: [HLS 200-111]  Elapsed time: 0.267 seconds; current allocated memory: 136.519 MB.
INFO: [BIND 205-100] Starting micro-architecture generation ...
INFO: [BIND 205-101] Performing variable lifetime analysis.
INFO: [BIND 205-101] Exploring resource sharing.
INFO: [BIND 205-101] Binding ...
INFO: [BIND 205-100] Finished micro-architecture generation.
INFO: [HLS 200-111]  Elapsed time: 0.228 seconds; current allocated memory: 136.794 MB.
INFO: [HLS 200-10] ----------------------------------------------------------------
INFO: [HLS 200-42] -- Implementing module 'single_conv_test' 
INFO: [HLS 200-10] ----------------------------------------------------------------
INFO: [SCHED 204-11] Starting scheduling ...
INFO: [SCHED 204-11] Finished scheduling.
INFO: [HLS 200-111]  Elapsed time: 1.91 seconds; current allocated memory: 142.842 MB.
INFO: [BIND 205-100] Starting micro-architecture generation ...
INFO: [BIND 205-101] Performing variable lifetime analysis.
INFO: [BIND 205-101] Exploring resource sharing.
INFO: [BIND 205-101] Binding ...
INFO: [BIND 205-100] Finished micro-architecture generation.
INFO: [HLS 200-111]  Elapsed time: 3.127 seconds; current allocated memory: 151.275 MB.
INFO: [HLS 200-10] ----------------------------------------------------------------
INFO: [HLS 200-10] -- Generating RTL for module 'single_conv_calculat' 
INFO: [HLS 200-10] ----------------------------------------------------------------
INFO: [RTGEN 206-100] Finished creating RTL model for 'single_conv_calculat'.
INFO: [HLS 200-111]  Elapsed time: 3.305 seconds; current allocated memory: 152.089 MB.
INFO: [HLS 200-10] ----------------------------------------------------------------
INFO: [HLS 200-10] -- Generating RTL for module 'conv_line_buffer_shi' 
INFO: [HLS 200-10] ----------------------------------------------------------------
INFO: [RTGEN 206-100] Finished creating RTL model for 'conv_line_buffer_shi'.
INFO: [HLS 200-111]  Elapsed time: 0.497 seconds; current allocated memory: 152.656 MB.
INFO: [HLS 200-10] ----------------------------------------------------------------
INFO: [HLS 200-10] -- Generating RTL for module 'single_conv_test' 
INFO: [HLS 200-10] ----------------------------------------------------------------
INFO: [RTGEN 206-500] Setting interface mode on port 'single_conv_test/imgtotal' to 'ap_memory'.
INFO: [RTGEN 206-500] Setting interface mode on port 'single_conv_test/weitotal' to 'ap_memory'.
INFO: [RTGEN 206-500] Setting interface mode on port 'single_conv_test/outtotal' to 'ap_memory'.
INFO: [RTGEN 206-500] Setting interface mode on function 'single_conv_test' to 'ap_ctrl_hs'.
INFO: [SYN 201-210] Renamed object name 'single_conv_test_cal_conv' to 'single_conv_test_bkb' due to the length limit 20
INFO: [SYN 201-210] Renamed object name 'single_conv_test_conv_line_buffer' to 'single_conv_test_cud' due to the length limit 20
INFO: [SYN 201-210] Renamed object name 'single_conv_test_kernel' to 'single_conv_test_dEe' due to the length limit 20
WARNING: [RTGEN 206-101] Register 'cal_pool_0_0' is power-on initialization.
WARNING: [RTGEN 206-101] Register 'cal_pool_0_1' is power-on initialization.
WARNING: [RTGEN 206-101] Register 'cal_pool_1_0' is power-on initialization.
WARNING: [RTGEN 206-101] Register 'cal_pool_1_1' is power-on initialization.
INFO: [SYN 201-210] Renamed object name 'single_conv_test_pool_line_buffer' to 'single_conv_test_eOg' due to the length limit 20
INFO: [SYN 201-210] Renamed object name 'single_conv_test_conv_output' to 'single_conv_test_fYi' due to the length limit 20
INFO: [SYN 201-210] Renamed object name 'single_conv_test_img' to 'single_conv_test_g8j' due to the length limit 20
INFO: [RTGEN 206-100] Finished creating RTL model for 'single_conv_test'.
INFO: [HLS 200-111]  Elapsed time: 2.111 seconds; current allocated memory: 164.422 MB.
INFO: [RTMG 210-278] Implementing memory 'single_conv_test_bkb_ram (RAM)' using block RAMs with power-on initialization.
INFO: [RTMG 210-278] Implementing memory 'single_conv_test_cud_ram (RAM)' using distributed RAMs with power-on initialization.
INFO: [RTMG 210-278] Implementing memory 'single_conv_test_dEe_ram (RAM)' using distributed RAMs with power-on initialization.
INFO: [RTMG 210-278] Implementing memory 'single_conv_test_eOg_ram (RAM)' using distributed RAMs with power-on initialization.
INFO: [RTMG 210-278] Implementing memory 'single_conv_test_fYi_ram (RAM)' using block RAMs.
INFO: [RTMG 210-278] Implementing memory 'single_conv_test_g8j_ram (RAM)' using block RAMs.
INFO: [HLS 200-111] Finished generating all RTL models Time (s): cpu = 00:00:25 ; elapsed = 00:00:46 . Memory (MB): peak = 276.051 ; gain = 184.395
INFO: [VHDL 208-304] Generating VHDL RTL for single_conv_test.
INFO: [VLOG 209-307] Generating Verilog RTL for single_conv_test.
INFO: [HLS 200-112] Total elapsed time: 46.1 seconds; peak allocated memory: 164.422 MB.
