INFO-FLOW: Workspace D:/Desktop/fpga_lab_2/lab2_fpga_lql/solution5_unroll_11 opened at Sun Dec 06 13:34:05 +0800 2020
Execute     config_clock -quiet -name default -period 10 -default=false 
INFO: [SYN 201-201] Setting up clock 'default' with a period of 10ns.
WARNING: [HLS 200-40] Cannot find library 'C:/Xilinx/Vivado/2019.1/common/technology/xilinx/Artix-7/Artix-7.lib'.
WARNING: [HLS 200-40] Cannot find library 'xilinx/Artix-7/Artix-7'.
Execute     set_part xc7a12ti-csg325-1L 
Execute       ap_part_info -name xc7a12ti-csg325-1L -data single -quiet 
Command       ap_part_info done; 0.475 sec.
Execute       ap_part_info -name xc7a12ti-csg325-1L -data info 
Execute       add_library xilinx/artix7/artix7:xc7a12ti:-csg325:-1L 
Execute         get_default_platform 
Execute         license_isbetapart xc7a12ti 
Command         license_isbetapart done; error code: 1; 
Execute         open_platform DefaultPlatform 
Execute         import_lib C:/Xilinx/Vivado/2019.1/common/technology/xilinx/artix7/artix7 
Execute           source C:/Xilinx/Vivado/2019.1/common/technology/xilinx/common/xilinx.lib 
Execute             source C:/Xilinx/Vivado/2019.1/common/technology/xilinx/interface/xilinx_interface.lib 
Execute               source C:/Xilinx/Vivado/2019.1/common/technology/xilinx/interface/plb46.lib 
Execute               source C:/Xilinx/Vivado/2019.1/common/technology/xilinx/interface/fsl.lib 
Execute               source C:/Xilinx/Vivado/2019.1/common/technology/xilinx/interface/axi4.lib 
Execute               source C:/Xilinx/Vivado/2019.1/common/technology/xilinx/interface/maxi.lib 
Execute               source C:/Xilinx/Vivado/2019.1/common/technology/xilinx/interface/saxilite.lib 
Execute             source C:/Xilinx/Vivado/2019.1/common/technology/xilinx/common/dsp48.lib 
Execute             source C:/Xilinx/Vivado/2019.1/common/technology/xilinx/ip/dds_compiler.lib 
Execute             source C:/Xilinx/Vivado/2019.1/common/technology/xilinx/ip/xfft.lib 
Execute             source C:/Xilinx/Vivado/2019.1/common/technology/xilinx/ip/xfir.lib 
Execute           source C:/Xilinx/Vivado/2019.1/common/technology/xilinx/common/xilinx.hlp 
Execute             source C:/Xilinx/Vivado/2019.1/common/technology/xilinx/common/target_info.tcl 
Execute             source C:/Xilinx/Vivado/2019.1/common/technology/xilinx/interface/xilinx_interface.hlp 
Execute               source C:/Xilinx/Vivado/2019.1/common/technology/xilinx/interface/maxi.hlp 
Execute               source C:/Xilinx/Vivado/2019.1/common/technology/xilinx/interface/saxilite.hlp 
Execute             source C:/Xilinx/Vivado/2019.1/common/technology/xilinx/common/dsp48.hlp 
Execute           source C:/Xilinx/Vivado/2019.1/common/technology/xilinx/artix7/dsp48e1.hlp 
Execute           source C:/Xilinx/Vivado/2019.1/common/technology/xilinx/common/xilinx.hlp 
Execute             source C:/Xilinx/Vivado/2019.1/common/technology/xilinx/common/target_info.tcl 
Execute             source C:/Xilinx/Vivado/2019.1/common/technology/xilinx/interface/xilinx_interface.hlp 
Execute               source C:/Xilinx/Vivado/2019.1/common/technology/xilinx/interface/maxi.hlp 
Execute               source C:/Xilinx/Vivado/2019.1/common/technology/xilinx/interface/saxilite.hlp 
Execute             source C:/Xilinx/Vivado/2019.1/common/technology/xilinx/common/dsp48.hlp 
Execute         source C:/Xilinx/Vivado/2019.1/common/technology/xilinx/artix7/artix7.gen 
Execute           source C:/Xilinx/Vivado/2019.1/common/technology/xilinx/common/xilinx.gen 
Execute             source C:/Xilinx/Vivado/2019.1/common/technology/xilinx/interface/plb46.gen 
Execute             source C:/Xilinx/Vivado/2019.1/common/technology/xilinx/interface/fsl.gen 
Execute             source C:/Xilinx/Vivado/2019.1/common/technology/xilinx/interface/axi4.gen 
Execute             source C:/Xilinx/Vivado/2019.1/common/technology/xilinx/interface/nativeAXI4.gen 
Execute               source C:/Xilinx/Vivado/2019.1/common/technology/xilinx/interface/saxilite.gen 
Execute               source C:/Xilinx/Vivado/2019.1/common/technology/xilinx/interface/maxi.gen 
Execute             source C:/Xilinx/Vivado/2019.1/common/technology/xilinx/scripts/xilinxcoregen.gen 
Execute             source C:/Xilinx/Vivado/2019.1/common/technology/xilinx/interface/XilEDKCoreGen.gen 
Execute             source C:/Xilinx/Vivado/2019.1/common/technology/xilinx/ip/dds_compiler.gen 
Execute             source C:/Xilinx/Vivado/2019.1/common/technology/xilinx/ip/util.gen 
Execute             source C:/Xilinx/Vivado/2019.1/common/technology/xilinx/ip/xfft.gen 
Command             ap_source done; 0.107 sec.
Execute             source C:/Xilinx/Vivado/2019.1/common/technology/xilinx/ip/xfir.gen 
Execute             source C:/Xilinx/Vivado/2019.1/common/technology/xilinx/common/dsp48.gen 
Command           ap_source done; 0.167 sec.
Command         ap_source done; 0.167 sec.
Execute         ap_part_info -data single -name xc7a12ti-csg325-1L 
Execute         ap_part_info -name xc7a12ti-csg325-1L -data resources 
Execute         ap_part_info -name xc7a12ti-csg325-1L -data info 
Execute         ap_part_info -name xc7a12ti-csg325-1L -data info 
Execute         config_chip_info -quiet -resource {SLICE 3650} {LUT 8000} {FF 16000} {DSP48E 40} {BRAM 40} {URAM 0} 
Execute         ap_part_info -name xc7a12ti-csg325-1L -data info 
Execute         config_chip_info -quiet -speed slow 
Command       add_library done; 0.275 sec.
Execute       add_library xilinx/artix7/artix7_fpv6 
Execute         get_default_platform 
Execute         open_platform DefaultPlatform 
Execute         import_lib C:/Xilinx/Vivado/2019.1/common/technology/xilinx/artix7/artix7_fpv6 
Execute           source C:/Xilinx/Vivado/2019.1/common/technology/xilinx/common/xilinx_fp.lib 
Execute           source C:/Xilinx/Vivado/2019.1/common/technology/xilinx/common/xilinx_fp.hlp 
Execute             source C:/Xilinx/Vivado/2019.1/common/technology/xilinx/common/xilinx.hlp 
Execute               source C:/Xilinx/Vivado/2019.1/common/technology/xilinx/common/target_info.tcl 
Execute               source C:/Xilinx/Vivado/2019.1/common/technology/xilinx/interface/xilinx_interface.hlp 
Execute                 source C:/Xilinx/Vivado/2019.1/common/technology/xilinx/interface/maxi.hlp 
Execute                 source C:/Xilinx/Vivado/2019.1/common/technology/xilinx/interface/saxilite.hlp 
Execute               source C:/Xilinx/Vivado/2019.1/common/technology/xilinx/common/dsp48.hlp 
Execute         source C:/Xilinx/Vivado/2019.1/common/technology/xilinx/artix7/artix7_fpv6.gen 
Execute           source C:/Xilinx/Vivado/2019.1/common/technology/xilinx/common/xilinx_fp.gen 
INFO: [HLS 200-10] Setting target device to 'xc7a12ti-csg325-1L'
Execute       ap_part_info -name xc7a12ti-csg325-1L -data info 
Execute       get_default_platform 
Command     set_part done; 0.869 sec.
Execute     ap_part_info -data single -name xc7a12ti-csg325-1L 
Execute     ap_part_info -name xc7a12ti-csg325-1L -data resources 
Execute     ap_part_info -name xc7a12ti-csg325-1L -data info 
Execute     ap_part_info -name xc7a12ti-csg325-1L -data info 
Execute     config_chip_info -quiet -resource {SLICE 3650} {LUT 8000} {FF 16000} {DSP48E 40} {BRAM 40} {URAM 0} 
Execute     ap_part_info -name xc7a12ti-csg325-1L -data info 
Execute     config_chip_info -quiet -speed slow 
Command   open_solution done; 0.908 sec.
Execute   set_part xc7a12ti-csg325-1L 
Execute     ap_part_info -name xc7a12ti-csg325-1L -data single -quiet 
Execute     ap_part_info -name xc7a12ti-csg325-1L -data info 
Execute     add_library xilinx/artix7/artix7:xc7a12ti:-csg325:-1L 
Execute       get_default_platform 
Execute       license_isbetapart xc7a12ti 
Command       license_isbetapart done; error code: 1; 
Execute       open_platform DefaultPlatform 
Execute       import_lib C:/Xilinx/Vivado/2019.1/common/technology/xilinx/artix7/artix7 
Execute         source C:/Xilinx/Vivado/2019.1/common/technology/xilinx/common/xilinx.lib 
Execute           source C:/Xilinx/Vivado/2019.1/common/technology/xilinx/interface/xilinx_interface.lib 
Execute             source C:/Xilinx/Vivado/2019.1/common/technology/xilinx/interface/plb46.lib 
Execute             source C:/Xilinx/Vivado/2019.1/common/technology/xilinx/interface/fsl.lib 
Execute             source C:/Xilinx/Vivado/2019.1/common/technology/xilinx/interface/axi4.lib 
Execute             source C:/Xilinx/Vivado/2019.1/common/technology/xilinx/interface/maxi.lib 
Execute             source C:/Xilinx/Vivado/2019.1/common/technology/xilinx/interface/saxilite.lib 
Execute           source C:/Xilinx/Vivado/2019.1/common/technology/xilinx/common/dsp48.lib 
Execute           source C:/Xilinx/Vivado/2019.1/common/technology/xilinx/ip/dds_compiler.lib 
Execute           source C:/Xilinx/Vivado/2019.1/common/technology/xilinx/ip/xfft.lib 
Execute           source C:/Xilinx/Vivado/2019.1/common/technology/xilinx/ip/xfir.lib 
Execute         source C:/Xilinx/Vivado/2019.1/common/technology/xilinx/common/xilinx.hlp 
Execute           source C:/Xilinx/Vivado/2019.1/common/technology/xilinx/common/target_info.tcl 
Execute           source C:/Xilinx/Vivado/2019.1/common/technology/xilinx/interface/xilinx_interface.hlp 
Execute             source C:/Xilinx/Vivado/2019.1/common/technology/xilinx/interface/maxi.hlp 
Execute             source C:/Xilinx/Vivado/2019.1/common/technology/xilinx/interface/saxilite.hlp 
Execute           source C:/Xilinx/Vivado/2019.1/common/technology/xilinx/common/dsp48.hlp 
Execute         source C:/Xilinx/Vivado/2019.1/common/technology/xilinx/artix7/dsp48e1.hlp 
Execute         source C:/Xilinx/Vivado/2019.1/common/technology/xilinx/common/xilinx.hlp 
Execute           source C:/Xilinx/Vivado/2019.1/common/technology/xilinx/common/target_info.tcl 
Execute           source C:/Xilinx/Vivado/2019.1/common/technology/xilinx/interface/xilinx_interface.hlp 
Execute             source C:/Xilinx/Vivado/2019.1/common/technology/xilinx/interface/maxi.hlp 
Execute             source C:/Xilinx/Vivado/2019.1/common/technology/xilinx/interface/saxilite.hlp 
Execute           source C:/Xilinx/Vivado/2019.1/common/technology/xilinx/common/dsp48.hlp 
Execute       source C:/Xilinx/Vivado/2019.1/common/technology/xilinx/artix7/artix7.gen 
Execute         source C:/Xilinx/Vivado/2019.1/common/technology/xilinx/common/xilinx.gen 
Execute           source C:/Xilinx/Vivado/2019.1/common/technology/xilinx/interface/plb46.gen 
Execute           source C:/Xilinx/Vivado/2019.1/common/technology/xilinx/interface/fsl.gen 
Execute           source C:/Xilinx/Vivado/2019.1/common/technology/xilinx/interface/axi4.gen 
Execute           source C:/Xilinx/Vivado/2019.1/common/technology/xilinx/interface/nativeAXI4.gen 
Execute             source C:/Xilinx/Vivado/2019.1/common/technology/xilinx/interface/saxilite.gen 
Execute             source C:/Xilinx/Vivado/2019.1/common/technology/xilinx/interface/maxi.gen 
Execute           source C:/Xilinx/Vivado/2019.1/common/technology/xilinx/scripts/xilinxcoregen.gen 
Execute           source C:/Xilinx/Vivado/2019.1/common/technology/xilinx/interface/XilEDKCoreGen.gen 
Execute           source C:/Xilinx/Vivado/2019.1/common/technology/xilinx/ip/dds_compiler.gen 
Execute           source C:/Xilinx/Vivado/2019.1/common/technology/xilinx/ip/util.gen 
Execute           source C:/Xilinx/Vivado/2019.1/common/technology/xilinx/ip/xfft.gen 
Command           ap_source done; 0.107 sec.
Execute           source C:/Xilinx/Vivado/2019.1/common/technology/xilinx/ip/xfir.gen 
Execute           source C:/Xilinx/Vivado/2019.1/common/technology/xilinx/common/dsp48.gen 
Command         ap_source done; 0.16 sec.
Command       ap_source done; 0.16 sec.
Execute       ap_part_info -data single -name xc7a12ti-csg325-1L 
Execute       ap_part_info -name xc7a12ti-csg325-1L -data resources 
Execute       ap_part_info -name xc7a12ti-csg325-1L -data info 
Execute       ap_part_info -name xc7a12ti-csg325-1L -data info 
Execute       config_chip_info -quiet -resource {SLICE 3650} {LUT 8000} {FF 16000} {DSP48E 40} {BRAM 40} {URAM 0} 
Execute       ap_part_info -name xc7a12ti-csg325-1L -data info 
Execute       config_chip_info -quiet -speed slow 
Command     add_library done; 0.216 sec.
Execute     add_library xilinx/artix7/artix7_fpv6 
Execute       get_default_platform 
Execute       open_platform DefaultPlatform 
Execute       import_lib C:/Xilinx/Vivado/2019.1/common/technology/xilinx/artix7/artix7_fpv6 
Execute         source C:/Xilinx/Vivado/2019.1/common/technology/xilinx/common/xilinx_fp.lib 
Execute         source C:/Xilinx/Vivado/2019.1/common/technology/xilinx/common/xilinx_fp.hlp 
Execute           source C:/Xilinx/Vivado/2019.1/common/technology/xilinx/common/xilinx.hlp 
Execute             source C:/Xilinx/Vivado/2019.1/common/technology/xilinx/common/target_info.tcl 
Execute             source C:/Xilinx/Vivado/2019.1/common/technology/xilinx/interface/xilinx_interface.hlp 
Execute               source C:/Xilinx/Vivado/2019.1/common/technology/xilinx/interface/maxi.hlp 
Execute               source C:/Xilinx/Vivado/2019.1/common/technology/xilinx/interface/saxilite.hlp 
Execute             source C:/Xilinx/Vivado/2019.1/common/technology/xilinx/common/dsp48.hlp 
Execute       source C:/Xilinx/Vivado/2019.1/common/technology/xilinx/artix7/artix7_fpv6.gen 
Execute         source C:/Xilinx/Vivado/2019.1/common/technology/xilinx/common/xilinx_fp.gen 
Execute     ap_part_info -name xc7a12ti-csg325-1L -data info 
Execute     get_default_platform 
Command   set_part done; 0.353 sec.
Execute   create_clock -period 10 -name default 
Execute   csynth_design 
Execute     get_config_compile -dump_cfg 
Execute     get_config_compile -effort 
Execute     get_config_compile -enable_clang39 
Execute     get_config_compile -g 
Execute     get_config_compile -ng 
Execute     get_config_compile -opt_fp 
Execute     get_config_compile -skip_cdt 
Execute     get_config_compile -skip_syncheck 
Execute     get_config_compile -skip_transform 
Execute     get_config_compile -keep_printf 
Execute     elaborate -effort=medium -skip_syncheck=0 -keep_printf=0 -skip_cdt=0 -skip_transform=0 -ng=0 -g=0 -opt_fp=0 -from_csynth_design=1 
Execute       get_config_schedule -relax_ii_for_timing 
INFO: [SCHED 204-61] Option 'relax_ii_for_timing' is enabled, will increase II to preserve clock frequency constraints.
Execute       get_config_schedule -suppress_dependence_error_break 
INFO: [HLS 200-10] Analyzing design file 'conv.cpp' ... 
INFO-FLOW: Compiling one TU...
Execute       is_m_axi_addr64 
INFO-FLOW: Handling conv.cpp as C++
Execute       ap_part_info -name xc7a12ti-csg325-1L -data info 
Execute       is_encrypted conv.cpp 
Execute       ap_part_info -name xc7a12ti-csg325-1L -data info 
INFO-FLOW: Running: GCC PP
INFO-FLOW: Source preprocessing
Execute       clang  -fno-limit-debug-info -gcc-toolchain "C:/Xilinx/Vivado/2019.1/msys" -hls  -fno-exceptions  -D__llvm__  -E "conv.cpp"     -fno-math-errno -c -emit-llvm -O0  -mllvm -disable-llvm-optzns -fno-threadsafe-statics  -fno-use-cxa-atexit  -fno-threadsafe-statics -fno-use-cxa-atexit -D__CLANG_3_1__ -D__cdecl= -DAESL_SYN -D__SYNTHESIS__ -D__HLS_SYN__ -I "C:/Xilinx/Vivado/2019.1/common/technology/autopilot" -I "C:/Xilinx/Vivado/2019.1/common/technology/autopilot/ap_sysc" -include etc/autopilot_ssdm_op.h -D__DSP48E1__  -o "D:/Desktop/fpga_lab_2/lab2_fpga_lql/solution5_unroll_11/.autopilot/db/conv.pp.0.cpp" 
INFO-FLOW: exec C:/Xilinx/Vivado/2019.1/win64/tools/clang/bin/clang -fno-limit-debug-info -gcc-toolchain C:/Xilinx/Vivado/2019.1/msys -hls -fno-exceptions -D__llvm__ -E conv.cpp -fno-math-errno -c -emit-llvm -O0 -mllvm -disable-llvm-optzns -fno-threadsafe-statics -fno-use-cxa-atexit -fno-threadsafe-statics -fno-use-cxa-atexit -D__CLANG_3_1__ -D__cdecl= -DAESL_SYN -D__SYNTHESIS__ -D__HLS_SYN__ -I C:/Xilinx/Vivado/2019.1/common/technology/autopilot -I C:/Xilinx/Vivado/2019.1/common/technology/autopilot/ap_sysc -include etc/autopilot_ssdm_op.h -D__DSP48E1__ -o D:/Desktop/fpga_lab_2/lab2_fpga_lql/solution5_unroll_11/.autopilot/db/conv.pp.0.cpp
Command       clang done; 1.485 sec.
Execute       tidy_31 xilinx-xfmat-array-geometry D:/Desktop/fpga_lab_2/lab2_fpga_lql/solution5_unroll_11/.autopilot/db/conv.pp.0.cpp std=gnu++98 
INFO-FLOW: exec C:/Xilinx/Vivado/2019.1/win64/tools/clang-3.9-csynth/bin/tidy-3.1 -header-filter=.* -checks=-*,xilinx-xfmat-array-geometry -quiet -fix D:/Desktop/fpga_lab_2/lab2_fpga_lql/solution5_unroll_11/.autopilot/db/conv.pp.0.cpp -- -std=gnu++98 -fhls -ferror-limit=0
Command       tidy_31 done; 0.231 sec.
INFO-FLOW: Syntax Checking before pre-processing...
Execute       clang -syntaxcheck -src D:/Desktop/fpga_lab_2/lab2_fpga_lql/solution5_unroll_11/.autopilot/db/conv.pp.0.cpp  -fno-limit-debug-info -gcc-toolchain "C:/Xilinx/Vivado/2019.1/msys" -hls    -fno-math-errno -c -emit-llvm -O0  -mllvm -disable-llvm-optzns -fno-threadsafe-statics  -fno-use-cxa-atexit  -fno-threadsafe-statics -fno-use-cxa-atexit -D__CLANG_3_1__ -D__cdecl= -DAESL_SYN -D__SYNTHESIS__ -D__HLS_SYN__ -I "C:/Xilinx/Vivado/2019.1/common/technology/autopilot" -I "C:/Xilinx/Vivado/2019.1/common/technology/autopilot/ap_sysc" -include etc/autopilot_ssdm_op.h -D__DSP48E1__  "D:/Desktop/fpga_lab_2/lab2_fpga_lql/solution5_unroll_11/.autopilot/db/conv.pp.0.cpp"  -o "D:/Desktop/fpga_lab_2/lab2_fpga_lql/solution5_unroll_11/.autopilot/db/useless.bc"  
INFO-FLOW: exec C:/Xilinx/Vivado/2019.1/win64/tools/clang/bin/clang -fno-limit-debug-info -gcc-toolchain C:/Xilinx/Vivado/2019.1/msys -hls -fno-math-errno -c -emit-llvm -O0 -mllvm -disable-llvm-optzns -fno-threadsafe-statics -fno-use-cxa-atexit -fno-threadsafe-statics -fno-use-cxa-atexit -D__CLANG_3_1__ -D__cdecl= -DAESL_SYN -D__SYNTHESIS__ -D__HLS_SYN__ -I C:/Xilinx/Vivado/2019.1/common/technology/autopilot -I C:/Xilinx/Vivado/2019.1/common/technology/autopilot/ap_sysc -include etc/autopilot_ssdm_op.h -D__DSP48E1__ D:/Desktop/fpga_lab_2/lab2_fpga_lql/solution5_unroll_11/.autopilot/db/conv.pp.0.cpp -o D:/Desktop/fpga_lab_2/lab2_fpga_lql/solution5_unroll_11/.autopilot/db/useless.bc
Command       clang done; 1.605 sec.
INFO-FLOW: Done: GCC PP time: 3.3 seconds per iteration
Execute       source C:/Xilinx/Vivado/2019.1/tps/tcl/tcllib1.11.1/yaml/huddle.tcl 
Execute       source C:/Xilinx/Vivado/2019.1/tps/tcl/tcllib1.11.1/yaml/json2huddle.tcl 
Execute         source C:/Xilinx/Vivado/2019.1/tps/tcl/tcllib1.11.1/try/try.tcl 
Execute       list_core -type functional_unit 
Execute       tidy_31 xilinx-systemc-detector D:/Desktop/fpga_lab_2/lab2_fpga_lql/solution5_unroll_11/.autopilot/db/conv.pp.0.cpp std=gnu++98 -directive=D:/Desktop/fpga_lab_2/lab2_fpga_lql/solution5_unroll_11/.autopilot/db/.systemc_flag 
INFO-FLOW: exec C:/Xilinx/Vivado/2019.1/win64/tools/clang-3.9-csynth/bin/tidy-3.1 -header-filter=.* -checks=-*,xilinx-systemc-detector -import-directive=D:/Desktop/fpga_lab_2/lab2_fpga_lql/solution5_unroll_11/.autopilot/db/.systemc_flag -quiet -fix-errors D:/Desktop/fpga_lab_2/lab2_fpga_lql/solution5_unroll_11/.autopilot/db/conv.pp.0.cpp -- -std=gnu++98 -fhls -ferror-limit=0
Command       tidy_31 done; 0.184 sec.
INFO-FLOW: Running: tidy-3.1 CDT preprocess
Execute       tidy_31 xilinx-directive2pragma D:/Desktop/fpga_lab_2/lab2_fpga_lql/solution5_unroll_11/.autopilot/db/conv.pp.0.cpp std=gnu++98 -directive=D:/Desktop/fpga_lab_2/lab2_fpga_lql/solution5_unroll_11/.autopilot/db/all.directive.json 
INFO-FLOW: exec C:/Xilinx/Vivado/2019.1/win64/tools/clang-3.9-csynth/bin/tidy-3.1 -header-filter=.* -checks=-*,xilinx-directive2pragma -import-directive=D:/Desktop/fpga_lab_2/lab2_fpga_lql/solution5_unroll_11/.autopilot/db/all.directive.json -quiet -fix-errors D:/Desktop/fpga_lab_2/lab2_fpga_lql/solution5_unroll_11/.autopilot/db/conv.pp.0.cpp -- -std=gnu++98 -fhls -ferror-limit=0
Command       tidy_31 done; 0.176 sec.
Execute       get_config_dataflow -strict_mode 
Execute       ap_eval exec -ignorestderr C:/Xilinx/Vivado/2019.1/win64/tools/clang-3.9-csynth/bin/xilinx-dataflow-lawyer -export-fixes=D:/Desktop/fpga_lab_2/lab2_fpga_lql/solution5_unroll_11/.autopilot/db/xilinx-dataflow-lawyer.conv.pp.0.cpp.diag.yml D:/Desktop/fpga_lab_2/lab2_fpga_lql/solution5_unroll_11/.autopilot/db/conv.pp.0.cpp -- -std=gnu++98 -fhls -ferror-limit=0 -fstrict-dataflow > D:/Desktop/fpga_lab_2/lab2_fpga_lql/solution5_unroll_11/.autopilot/db/xilinx-dataflow-lawyer.conv.pp.0.cpp.out.log 2> D:/Desktop/fpga_lab_2/lab2_fpga_lql/solution5_unroll_11/.autopilot/db/xilinx-dataflow-lawyer.conv.pp.0.cpp.err.log 
Command       ap_eval done; 0.148 sec.
Execute       tidy_31 -errorcheck xilinx-constantarray-param,xilinx-resource-pragma-transformer,xilinx-xfmat-array-geometry D:/Desktop/fpga_lab_2/lab2_fpga_lql/solution5_unroll_11/.autopilot/db/conv.pp.0.cpp std=gnu++98 
Execute         ap_eval exec -ignorestderr C:/Xilinx/Vivado/2019.1/win64/tools/clang-3.9-csynth/bin/tidy-3.1 -export-fixes=D:/Desktop/fpga_lab_2/lab2_fpga_lql/solution5_unroll_11/.autopilot/db/tidy-3.1.conv.pp.0.cpp.diag.yml -header-filter=.* -checks=-*,xilinx-constantarray-param,xilinx-resource-pragma-transformer,xilinx-xfmat-array-geometry -quiet -fix-errors D:/Desktop/fpga_lab_2/lab2_fpga_lql/solution5_unroll_11/.autopilot/db/conv.pp.0.cpp -- -std=gnu++98 -fhls -ferror-limit=0 > D:/Desktop/fpga_lab_2/lab2_fpga_lql/solution5_unroll_11/.autopilot/db/tidy-3.1.conv.pp.0.cpp.out.log 2> D:/Desktop/fpga_lab_2/lab2_fpga_lql/solution5_unroll_11/.autopilot/db/tidy-3.1.conv.pp.0.cpp.err.log 
Command         ap_eval done; 0.427 sec.
Execute         source C:/Xilinx/Vivado/2019.1/tps/tcl/tcllib1.11.1/yaml/yaml.tcl 
Execute           source C:/Xilinx/Vivado/2019.1/tps/tcl/tcllib1.11.1/cmdline/cmdline.tcl 
Execute         ap_eval exec -ignorestderr C:/Xilinx/Vivado/2019.1/win64/tools/clang-3.9-csynth/bin/xilinx-legacy-rewriter D:/Desktop/fpga_lab_2/lab2_fpga_lql/solution5_unroll_11/.autopilot/db/conv.pp.0.cpp -- -std=gnu++98 -fhls -ferror-limit=0 > D:/Desktop/fpga_lab_2/lab2_fpga_lql/solution5_unroll_11/.autopilot/db/xilinx-legacy-rewriter.conv.pp.0.cpp.out.log 2> D:/Desktop/fpga_lab_2/lab2_fpga_lql/solution5_unroll_11/.autopilot/db/xilinx-legacy-rewriter.conv.pp.0.cpp.err.log 
Command         ap_eval done; 0.167 sec.
Command       tidy_31 done; 0.649 sec.
INFO-FLOW: Done: tidy-3.1 CDT preprocess time: 1 seconds per iteration
INFO-FLOW: Pragma Handling...
Execute       tidy_31 xilinx-ssdm-intrinsics-arguments D:/Desktop/fpga_lab_2/lab2_fpga_lql/solution5_unroll_11/.autopilot/db/conv.pragma.1.cpp std=gnu++98 
INFO-FLOW: exec C:/Xilinx/Vivado/2019.1/win64/tools/clang-3.9-csynth/bin/tidy-3.1 -header-filter=.* -checks=-*,xilinx-ssdm-intrinsics-arguments -quiet -fix-errors D:/Desktop/fpga_lab_2/lab2_fpga_lql/solution5_unroll_11/.autopilot/db/conv.pragma.1.cpp -- -std=gnu++98 -fhls -ferror-limit=0
Command       tidy_31 done; 0.231 sec.
Execute       ap_part_info -name xc7a12ti-csg325-1L -data info 
INFO-FLOW: Processing labels
Execute       clang -src D:/Desktop/fpga_lab_2/lab2_fpga_lql/solution5_unroll_11/.autopilot/db/conv.pragma.2.cpp  -fno-limit-debug-info -gcc-toolchain C:/Xilinx/Vivado/2019.1/msys -hls -hls-analyze-label -hls-analyze-pragma -fno-exceptions  -D__llvm__  -w  "D:/Desktop/fpga_lab_2/lab2_fpga_lql/solution5_unroll_11/.autopilot/db/conv.pragma.2.cpp"    -fno-math-errno -c -emit-llvm -O0  -mllvm -disable-llvm-optzns -fno-threadsafe-statics  -fno-use-cxa-atexit -DAESL_SYN -D__SYNTHESIS__ -D__HLS_SYN__ -I "C:/Xilinx/Vivado/2019.1/common/technology/autopilot" -I "C:/Xilinx/Vivado/2019.1/common/technology/autopilot/ap_sysc" -include etc/autopilot_ssdm_op.h -D__DSP48E1__ -g -o "D:/Desktop/fpga_lab_2/lab2_fpga_lql/solution5_unroll_11/.autopilot/db/conv.bc" 
INFO-FLOW: exec C:/Xilinx/Vivado/2019.1/win64/tools/clang/bin/clang -fno-limit-debug-info -gcc-toolchain C:/Xilinx/Vivado/2019.1/msys -hls -hls-analyze-label -hls-analyze-pragma -fno-exceptions -D__llvm__ -w D:/Desktop/fpga_lab_2/lab2_fpga_lql/solution5_unroll_11/.autopilot/db/conv.pragma.2.cpp -fno-math-errno -c -emit-llvm -O0 -mllvm -disable-llvm-optzns -fno-threadsafe-statics -fno-use-cxa-atexit -DAESL_SYN -D__SYNTHESIS__ -D__HLS_SYN__ -I C:/Xilinx/Vivado/2019.1/common/technology/autopilot -I C:/Xilinx/Vivado/2019.1/common/technology/autopilot/ap_sysc -include etc/autopilot_ssdm_op.h -D__DSP48E1__ -g -o D:/Desktop/fpga_lab_2/lab2_fpga_lql/solution5_unroll_11/.autopilot/db/conv.bc
Command       clang done; 1.524 sec.
INFO-FLOW: Linking Debug ...
Execute       llvm-ld D:/Desktop/fpga_lab_2/lab2_fpga_lql/solution5_unroll_11/.autopilot/db/conv.g.bc -hls-opt -except-internalize single_conv_test -LC:/Xilinx/Vivado/2019.1/win64/lib -lhlsm -lhlsmc++ -o D:/Desktop/fpga_lab_2/lab2_fpga_lql/solution5_unroll_11/.autopilot/db/a.g 
Command       llvm-ld done; 1.518 sec.
INFO: [HLS 200-111] Finished Linking Time (s): cpu = 00:00:01 ; elapsed = 00:00:11 . Memory (MB): peak = 146.199 ; gain = 54.543
INFO: [HLS 200-111] Finished Checking Pragmas Time (s): cpu = 00:00:01 ; elapsed = 00:00:11 . Memory (MB): peak = 146.199 ; gain = 54.543
Execute       get_config_sdx -target 
Execute       opt_and_import_c a -opt_level=2 -skip_syncheck=0 -ng=0 -keep_printf=0 
Execute         cleanup_all_models 
INFO: [HLS 200-10] Starting code transformations ...
Execute         transform -promote-dbg-pointer D:/Desktop/fpga_lab_2/lab2_fpga_lql/solution5_unroll_11/.autopilot/db/a.pp.bc -o D:/Desktop/fpga_lab_2/lab2_fpga_lql/solution5_unroll_11/.autopilot/db/a.pp.0.bc -f 
Execute         llvm-ld D:/Desktop/fpga_lab_2/lab2_fpga_lql/solution5_unroll_11/.autopilot/db/a.pp.0.bc -disable-opt -LC:/Xilinx/Vivado/2019.1/win64/lib -lfloatconversion -o D:/Desktop/fpga_lab_2/lab2_fpga_lql/solution5_unroll_11/.autopilot/db/a.g.0 
Command         llvm-ld done; 0.785 sec.
INFO-FLOW: Running Standard Transforms...
Execute         transform -hls -share-std-xform -demangle-name -inline-byval-memcpy -always-inline -promote-dbg-pointer -interface-preproc -mem2reg -scalarrepl -mem2reg -keep-read-access -instcombine -dce -promote-dbg-pointer -bitop-raise -loop-simplify -indvarspre -indvars -loop-simplify -xunroll -constprop -instcombine -simplifycfg -indvars -simplifycfg -dce -globaldce -basicaa -simplifycfg -mem2reg -globalopt -global-constprop -deadargelim -instcombine -simplifycfg -prune-eh -simplifycfg -scalarrepl -instcombine -reassociate -licm -simplifycfg -loop-simplify -indvars -instcombine -simplifycfg -mem2reg -loop-simplify -indvars -instcombine -gvn -gvn -instcombine -adce -break-crit-edges -simplifycfg -loop-delete -global-array-opt -dce -dse -adce -find-syn-modules -top single_conv_test -deadargelim -mem2reg -instcombine -dce -presyn-prepare -auto-rom-infer -interface-preproc -syn-check -check-rec-only -find-region -simplifycfg -func-extr -function-inline -globaldce -mem2reg -instcombine -dce -gvn -globaldce -adce -adse -constprop -instcombine -bit-constprop -instcombine -dce -simplifycfg -bitop-raise -simplifycfg -dce -loop-delete -reassociate -globalopt -global-privatize -mem2reg -dce -global-constprop -pointer-simplify -constprop -dce -func-inst -deadargelim -auto-shift-reg-idiom -promote-dbg-pointer -norm-name D:/Desktop/fpga_lab_2/lab2_fpga_lql/solution5_unroll_11/.autopilot/db/a.g.0.bc -o D:/Desktop/fpga_lab_2/lab2_fpga_lql/solution5_unroll_11/.autopilot/db/a.g.1.bc -f -phase std-opt 
Command         transform done; 0.133 sec.
INFO: [HLS 200-111] Finished Standard Transforms Time (s): cpu = 00:00:01 ; elapsed = 00:00:12 . Memory (MB): peak = 146.199 ; gain = 54.543
INFO: [HLS 200-10] Checking synthesizability ...
INFO-FLOW: Checking Synthesizability 1/2..
Execute         transform -hls -syn-check -check-rec-only -disaggr -scalarrepl -norm-name -dce -mem2reg -instcombine -function-uniquify -directive-preproc -mem2reg -dse -dce -auto-rom-infer -dce -pag -array-normalize -instcombine -dce -warn-fifo-pointer -array-seg-normalize -instcombine -dce -array-flatten -instcombine -dce -array-burst -dce -deadargelim -promote-global-argument -simplifycfg -mem2reg -globaldce -dce -deadargelim -dce -instcombine -function-inline -globaldce -dce -doublePtrSimplify -doublePtrElim -dce -doublePtrSimplify -promote-dbg-pointer -dce -scalarrepl -dse -adse -instcombine -ptrLegalization -simplifycfg -dce -instcombine -pointer-simplify -ptrArgReplace -dce -instcombine -resolve-double-ptr -disaggr -scalarrepl -norm-name -dce -mem2reg -instcombine -ptrLegalization -simplifycfg -deadargelim -instcombine -dce -inst-simplify -function-uniquify -directive-preproc -mem2reg -dse -dce -globaldce -check-dspbuiltin D:/Desktop/fpga_lab_2/lab2_fpga_lql/solution5_unroll_11/.autopilot/db/a.g.1.bc -o D:/Desktop/fpga_lab_2/lab2_fpga_lql/solution5_unroll_11/.autopilot/db/a.g.2.prechk.bc -f 
INFO: [XFORM 203-602] Inlining function 'pool_line_buffer_shift_1_bit' into 'single_conv_test' (conv.cpp:186) automatically.
Command         transform done; 0.272 sec.
INFO-FLOW: Checking Synthesizability 2/2..
Execute         transform -syn-check D:/Desktop/fpga_lab_2/lab2_fpga_lql/solution5_unroll_11/.autopilot/db/a.g.2.prechk.bc -o D:/Desktop/fpga_lab_2/lab2_fpga_lql/solution5_unroll_11/.autopilot/db/a.g.2.bc -f -phase syn-check 
INFO: [HLS 200-111] Finished Checking Synthesizability Time (s): cpu = 00:00:02 ; elapsed = 00:00:12 . Memory (MB): peak = 146.199 ; gain = 54.543
INFO-FLOW: Compiler optimizing ...
INFO-FLOW: Share syncheck's 1.bc for syn flow: copy D:/Desktop/fpga_lab_2/lab2_fpga_lql/solution5_unroll_11/.autopilot/db/a.g.1.bc to D:/Desktop/fpga_lab_2/lab2_fpga_lql/solution5_unroll_11/.autopilot/db/a.o.1.bc
INFO-FLOW: Presyn 1...
Execute         transform -hls -tmp D:/Desktop/fpga_lab_2/lab2_fpga_lql/solution5_unroll_11/.autopilot/db -interface-port-rename -type-info -function-uniquify -directive-preproc -mem2reg -dse -dce -disaggr -scalarrepl -norm-name -deadargelim -mem2reg -instcombine -dce -simplifycfg -auto-rom-infer -dce -function-uniquify -resource-proc -clib-intrinsic-prepare -dce -func-buffer -dce -pag -array-normalize -func-legal -instcombine -gvn -constprop -dce -simplifycfg -mem2reg -globaldce -resolve-double-ptr -dce -deadargelim -dce -instcombine -ptrArgReplace -mem2reg -dce -array-seg-normalize -deadargelim -instcombine -dce -pointer-simplify -dce -port-alignment -dce -interface-preproc -data-pack -instcombine -dce -basicaa -aggr-aa -aggrmodref-aa -aggr-aa -gvn -gvn -basicaa -aggr-aa -aggrmodref-aa -aggr-aa -dse -adse -adce -loop-simplify -indvars -instcombine -gvn -loop-simplify -mem2reg -dce -find-region -instcombine -auto-loop-pipeline -inst-simplify -interface-preproc -cfgopt -instcombine -indvars -auto-loop-unroll -loop-simplify -loop-bound -xunroll -constprop -instcombine -simplifycfg -indvars -simplifycfg -dce -globaldce -clean-region -attach-range -gvn -inst-simplify -constprop -simplifycfg -dce -pointer-simplify -dce -globalopt -constprop -dce -array-promote -constprop -dce -ptrArgReplace -mem2reg -simplifycfg -dce -auto-par -instcombine -dce -array-transform-check -array-reshape -instcombine -simplifycfg -dce -ptrArgReplace -deadargelim -mem2reg -instcombine -simplifycfg -dce -indvars -loop-simplify -loop-bound -xunroll -constprop -instcombine -simplifycfg -indvars -simplifycfg -dce -globaldce -basicaa -aggr-aa -aggrmodref-aa -aggr-aa -dse -duplicate-dataflow-processes -globaldce -instcombine -array-partition -instcombine -simplifycfg -dce -ptrArgReplace -global-constprop -deadargelim -mem2reg -func-legal -dce -global-constprop -deadargelim -mem2reg -simplifycfg -dce -merge-param -deadargelim -globalopt -constprop -dce -array-promote -constprop -dce -ptrArgReplace -mem2reg -simplifycfg -dce -mem-intrinsic-preproc -dce -global-internalize -global-privatize -mem2reg -globaldce -promote-global-argument -ptrArgReplace -mem2reg -dce -globalopt -mergereturn -simplify-global-access -mem2reg -dce -pointer-simplify -dce -functionattrs -basicaa -aggr-aa -aggrmodref-aa -aggr-aa -gvn -gvn -basicaa -aggr-aa -aggrmodref-aa -aggr-aa -dse -adse -adce -dce -norm-name -function-inline -complex-op-raise -inst-simplify -globaldce -func-inst -constprop -instcombine -simplifycfg -dce -func-legal -dce -loop-bound -arraycheck -bitwidthmin -on-by-dataflow -loop-delete -instcombine -simplifycfg -globaldce -dce -gvn -deadargelim -dce -loop-simplify -clean-region -simplifycfg -propagate-stable-arguments -loop-stream -instcombine -simplifycfg -dce -globaldce -duplicate-dataflow-processes -stream-intrinsic-preproc -dce -check-ap-stream -loop-simplify -eliminate-keepreads -extract-dataflow-in-loop -loop-simplify -dce -gvn -deadargelim -dse -check-dataflow-syntax -legalize-stream-variable -legalize-global -extract-subproc -dce -dead-channel-elimination -canonicalize-gep -globaldce -dce -gvn -deadargelim -annotate-dataflow-channels -scalar-propagation -deadargelim -globaldce -mem2reg -check-dataflow-channels -function-stream -dce -globaldce -prop-fifo-spec -internal-stream-gen -canonicalize-gep -globaldce -dce -gvn -deadargelim -mergereturn -indvars -loop-simplify -instcombine -array-stream -array-seg-normalize -array-partition -func-legal -instcombine -simplifycfg -dce -bundle-memfifo-ops -deadargelim -function-uniquify -directive-preproc -mem2reg -dse -dce -group-axi-access -licm -simplifycfg -dce -loop-delete -norm-name D:/Desktop/fpga_lab_2/lab2_fpga_lql/solution5_unroll_11/.autopilot/db/a.o.1.bc -o D:/Desktop/fpga_lab_2/lab2_fpga_lql/solution5_unroll_11/.autopilot/db/a.o.1.tmp.bc -f 
INFO: [HLS 200-489] Unrolling loop 'single_conv_test_label11' (conv.cpp:113) in function 'single_conv_test' completely with a factor of 16.
INFO: [XFORM 203-102] Automatically partitioning small array 'go_up' (conv.cpp:57) completely based on array size.
INFO: [XFORM 203-101] Partitioning array 'go_up' (conv.cpp:57) in dimension 1 completely.
INFO: [XFORM 203-602] Inlining function 'pool_line_buffer_shift_1_bit' into 'single_conv_test' (conv.cpp:186) automatically.
WARNING: [ANALYSIS 214-31] The program may have out of bound access of array variable 'cal_pool' in function 'single_pool_calculate' (conv.cpp:48:5).
WARNING: [ANALYSIS 214-31] The program may have out of bound access of array variable 'cal_conv' in function 'single_conv_test' (conv.cpp:132:7).
WARNING: [ANALYSIS 214-31] The program may have out of bound access of array variable 'cal_conv' in function 'single_conv_test' (conv.cpp:132:7).
WARNING: [ANALYSIS 214-31] The program may have out of bound access of array variable 'cal_conv' in function 'single_conv_test' (conv.cpp:132:7).
WARNING: [ANALYSIS 214-31] The program may have out of bound access of array variable 'cal_conv' in function 'single_conv_test' (conv.cpp:132:7).
WARNING: [ANALYSIS 214-31] The program may have out of bound access of array variable 'cal_conv' in function 'single_conv_test' (conv.cpp:132:7).
WARNING: [ANALYSIS 214-31] The program may have out of bound access of array variable 'cal_conv' in function 'single_conv_test' (conv.cpp:132:7).
WARNING: [ANALYSIS 214-31] The program may have out of bound access of array variable 'cal_conv' in function 'single_conv_test' (conv.cpp:132:7).
WARNING: [ANALYSIS 214-31] The program may have out of bound access of array variable 'cal_conv' in function 'single_conv_test' (conv.cpp:132:7).
WARNING: [ANALYSIS 214-31] The program may have out of bound access of array variable 'cal_conv' in function 'single_conv_test' (conv.cpp:132:7).
WARNING: [ANALYSIS 214-31] The program may have out of bound access of array variable 'cal_conv' in function 'single_conv_test' (conv.cpp:132:7).
WARNING: [ANALYSIS 214-31] The program may have out of bound access of array variable 'cal_conv' in function 'single_conv_test' (conv.cpp:132:7).
WARNING: [ANALYSIS 214-31] The program may have out of bound access of array variable 'cal_conv' in function 'single_conv_test' (conv.cpp:132:7).
WARNING: [ANALYSIS 214-31] The program may have out of bound access of array variable 'cal_conv' in function 'single_conv_test' (conv.cpp:132:7).
WARNING: [ANALYSIS 214-31] The program may have out of bound access of array variable 'cal_conv' in function 'single_conv_test' (conv.cpp:132:7).
WARNING: [ANALYSIS 214-31] The program may have out of bound access of array variable 'cal_conv' in function 'single_conv_test' (conv.cpp:132:7).
WARNING: [ANALYSIS 214-31] The program may have out of bound access of array variable 'cal_conv' in function 'single_conv_test' (conv.cpp:132:7).
WARNING: [ANALYSIS 214-31] The program may have out of bound access of array variable 'cal_pool' in function 'single_conv_test' (conv.cpp:178:8).
WARNING: [ANALYSIS 214-31] The program may have out of bound access of array variable 'cal_pool' in function 'single_conv_test' (conv.cpp:183:7).
WARNING: [ANALYSIS 214-31] The program may have out of bound access of array variable 'conv_line_buffer' in function 'conv_line_buffer_shift_1_bit' (conv.cpp:69:5).
INFO: [XFORM 203-102] Automatically partitioning small array 'cal_pool' completely based on array size.
INFO: [XFORM 203-101] Partitioning array 'cal_pool' in dimension 1 completely.
INFO: [XFORM 203-101] Partitioning array 'cal_pool' in dimension 2 completely.
Command         transform done; 2.853 sec.
INFO-FLOW: Presyn 2...
Execute         transform -hls -keep-callgraph -scalarrepl -mem2reg -port-alignment -attach-range -dce -pipe-mux-gen -indvars -loop-bound -inst-simplify -instcombine -dce -merge-array-access -mem2reg -dce -clean-region -mergereturn -if-conv -instcombine -dce -constprop -basicaa -aggr-aa -aggrmodref-aa -aggr-aa -gvn -gvn -basicaa -aggr-aa -aggrmodref-aa -aggr-aa -dse -adse -adce -scalarrepl -mem2reg -global-constprop -deadargelim -deadargelim -instcombine -dce -simplifycfg -ptrArgReplace -mem2reg -function-inline -globaldce -mem2reg -instcombine -dce -expr-balance -instcombine -dce -bitwidthmin -interface-preproc -directive-preproc -inst-rectify -instcombine -dce -functionattrs -constprop -instcombine -bit-constprop -simplify-global-access -globalopt -globaldce -inst-simplify -instcombine -elimdeaddata -dce -loop-delete -simplifycfg -loop-simplify -auto-burst -norm-name D:/Desktop/fpga_lab_2/lab2_fpga_lql/solution5_unroll_11/.autopilot/db/a.o.1.tmp.bc -o D:/Desktop/fpga_lab_2/lab2_fpga_lql/solution5_unroll_11/.autopilot/db/a.o.2.bc -f -phase presyn 
INFO: [XFORM 203-401] Performing if-conversion on hyperblock from (conv.cpp:47:4) to (conv.cpp:46:55) in function 'single_pool_calculate'... converting 4 basic blocks.
INFO: [XFORM 203-602] Inlining function 'single_pool_calculate' into 'single_conv_test' (conv.cpp:191) automatically.
Command         transform done; 1.839 sec.
INFO: [HLS 200-111] Finished Pre-synthesis Time (s): cpu = 00:00:06 ; elapsed = 00:00:17 . Memory (MB): peak = 160.020 ; gain = 68.363
INFO-FLOW: Building ssdm...
Execute         transform -hls -function-uniquify -auto-function-inline -globaldce -ptrArgReplace -mem2reg -dce -reset-lda -loop-simplify -indvars -licm -loop-dep -loop-bound -licm -loop-simplify -flattenloopnest -array-flatten -gvn -instcombine -dce -array-map -dce -func-legal -gvn -adce -instcombine -cfgopt -simplifycfg -loop-simplify -array-burst -promote-global-argument -dce -ptrLegalization -axi4-lower -array-seg-normalize -basicaa -aggrmodref-aa -globalsmodref-aa -aggr-aa -gvn -gvn -basicaa -aggrmodref-aa -globalsmodref-aa -aggr-aa -dse -adse -adce -licm -inst-simplify -dce -globaldce -instcombine -array-stream -eliminate-keepreads -instcombine -dce -deadargelim -doublePtrSimplify -doublePtrElim -dce -doublePtrSimplify -promote-dbg-pointer -dce -scalarrepl -mem2reg -disaggr -norm-name -mem2reg -instcombine -dse -adse -adce -ptrLegalization -dce -auto-rom-infer -array-flatten -dce -instcombine -check-doubleptr -loop-rot -constprop -cfgopt -simplifycfg -loop-simplify -indvars -pointer-simplify -dce -loop-bound -loop-simplify -loop-preproc -constprop -global-constprop -gvn -mem2reg -instcombine -dce -loop-bound -loop-merge -dce -bitwidthmin -deadargelim -dce -canonicalize-dataflow -dce -scalar-propagation -deadargelim -globaldce -mem2reg -read-loop-dep -interface-preproc -directive-preproc -interface-gen -bram-byte-enable -deadargelim -inst-simplify -dce -gvn -mem2reg -instcombine -dce -adse -loop-bound -instcombine -cfgopt -simplifycfg -loop-simplify -clean-region -io-protocol -find-region -mem2reg -bitop-raise -complex-op-raise -inst-simplify -inst-rectify -instcombine -adce -deadargelim -loop-simplify -phi-opt -bitop-raise -cfgopt -simplifycfg -strip-dead-prototypes -interface-lower -bitop-lower -intrinsic-lower -auto-function-inline -basicaa -aggrmodref-aa -globalsmodref-aa -aggr-aa -inst-simplify -simplifycfg -loop-simplify -mergereturn -inst-simplify -inst-rectify -dce -load-elim -bitop-lower -loop-rewind -pointer-simplify -dce -cfgopt -dce -loop-bound -loop-dep -read-loop-dep -dce -check-stream -norm-name -legalize -validate-dataflow -inst-clarity -bitwidth -dump-loop-dep-to-ir -check-all-ssdm -cdfg-build D:/Desktop/fpga_lab_2/lab2_fpga_lql/solution5_unroll_11/.autopilot/db/a.o.2.bc -o D:/Desktop/fpga_lab_2/lab2_fpga_lql/solution5_unroll_11/.autopilot/db/a.o.3.bc -f -phase build-ssdm 
WARNING: [XFORM 203-631] Renaming function 'single_conv_calculate' to 'single_conv_calculat' (conv.cpp:30:54)
WARNING: [XFORM 203-631] Renaming function 'conv_line_buffer_shift_1_bit' to 'conv_line_buffer_shi' (conv.cpp:58:62)
Command         transform done; 4.664 sec.
INFO: [HLS 200-111] Finished Architecture Synthesis Time (s): cpu = 00:00:10 ; elapsed = 00:00:21 . Memory (MB): peak = 190.305 ; gain = 98.648
INFO-FLOW: Finish building internal data model.
Command       opt_and_import_c done; 10.807 sec.
Command     elaborate done; 18.879 sec.
Execute     autosyn -from_csynth_design=1 
INFO: [HLS 200-10] Starting hardware synthesis ...
INFO-FLOW: Synthesizing C/C++ design ...
INFO: [HLS 200-10] Synthesizing 'single_conv_test' ...
Execute       ap_set_top_model single_conv_test 
Execute       get_model_list single_conv_test -filter all-wo-channel -topdown 
Execute       preproc_iomode -model single_conv_test 
Execute       preproc_iomode -model conv_line_buffer_shi 
Execute       preproc_iomode -model single_conv_calculat 
Execute       get_model_list single_conv_test -filter all-wo-channel 
INFO-FLOW: Model list for configure: single_conv_calculat conv_line_buffer_shi single_conv_test
INFO-FLOW: Configuring Module : single_conv_calculat ...
Execute       set_default_model single_conv_calculat 
Execute       apply_spec_resource_limit single_conv_calculat 
INFO-FLOW: Configuring Module : conv_line_buffer_shi ...
Execute       set_default_model conv_line_buffer_shi 
Execute       apply_spec_resource_limit conv_line_buffer_shi 
INFO-FLOW: Configuring Module : single_conv_test ...
Execute       set_default_model single_conv_test 
Execute       apply_spec_resource_limit single_conv_test 
INFO-FLOW: Model list for preprocess: single_conv_calculat conv_line_buffer_shi single_conv_test
INFO-FLOW: Preprocessing Module: single_conv_calculat ...
Execute       set_default_model single_conv_calculat 
Execute       cdfg_preprocess -model single_conv_calculat 
Execute       rtl_gen_preprocess single_conv_calculat 
INFO-FLOW: Preprocessing Module: conv_line_buffer_shi ...
Execute       set_default_model conv_line_buffer_shi 
Execute       cdfg_preprocess -model conv_line_buffer_shi 
Execute       rtl_gen_preprocess conv_line_buffer_shi 
INFO-FLOW: Preprocessing Module: single_conv_test ...
Execute       set_default_model single_conv_test 
Execute       cdfg_preprocess -model single_conv_test 
Execute       rtl_gen_preprocess single_conv_test 
INFO-FLOW: Model list for synthesis: single_conv_calculat conv_line_buffer_shi single_conv_test
INFO: [HLS 200-10] ----------------------------------------------------------------
INFO: [HLS 200-42] -- Implementing module 'single_conv_calculat' 
INFO: [HLS 200-10] ----------------------------------------------------------------
Execute       set_default_model single_conv_calculat 
Execute       schedule -model single_conv_calculat 
INFO: [SCHED 204-11] Starting scheduling ...
INFO: [SCHED 204-11] Finished scheduling.
Command       schedule done; 0.102 sec.
INFO: [HLS 200-111]  Elapsed time: 21.639 seconds; current allocated memory: 136.146 MB.
Execute       syn_report -verbosereport -o D:/Desktop/fpga_lab_2/lab2_fpga_lql/solution5_unroll_11/.autopilot/db/single_conv_calculat.verbose.sched.rpt 
INFO: [HLS 200-434] Only 0 loops out of a total 2 loops have been pipelined in this design.
Execute       db_write -o D:/Desktop/fpga_lab_2/lab2_fpga_lql/solution5_unroll_11/.autopilot/db/single_conv_calculat.sched.adb -f 
INFO-FLOW: Finish scheduling single_conv_calculat.
Execute       set_default_model single_conv_calculat 
Execute       bind -model single_conv_calculat 
BIND OPTION: model=single_conv_calculat
INFO: [BIND 205-100] Starting micro-architecture generation ...
INFO: [BIND 205-101] Performing variable lifetime analysis.
INFO: [BIND 205-101] Exploring resource sharing.
INFO: [BIND 205-101] Binding ...
INFO: [BIND 205-100] Finished micro-architecture generation.
INFO: [HLS 200-111]  Elapsed time: 0.264 seconds; current allocated memory: 136.292 MB.
Execute       syn_report -verbosereport -o D:/Desktop/fpga_lab_2/lab2_fpga_lql/solution5_unroll_11/.autopilot/db/single_conv_calculat.verbose.bind.rpt 
Execute       db_write -o D:/Desktop/fpga_lab_2/lab2_fpga_lql/solution5_unroll_11/.autopilot/db/single_conv_calculat.bind.adb -f 
INFO-FLOW: Finish binding single_conv_calculat.
INFO: [HLS 200-10] ----------------------------------------------------------------
INFO: [HLS 200-42] -- Implementing module 'conv_line_buffer_shi' 
INFO: [HLS 200-10] ----------------------------------------------------------------
Execute       set_default_model conv_line_buffer_shi 
Execute       schedule -model conv_line_buffer_shi 
INFO: [SCHED 204-11] Starting scheduling ...
INFO: [SCHED 204-11] Finished scheduling.
INFO: [HLS 200-111]  Elapsed time: 0.267 seconds; current allocated memory: 136.519 MB.
Execute       syn_report -verbosereport -o D:/Desktop/fpga_lab_2/lab2_fpga_lql/solution5_unroll_11/.autopilot/db/conv_line_buffer_shi.verbose.sched.rpt 
Execute       db_write -o D:/Desktop/fpga_lab_2/lab2_fpga_lql/solution5_unroll_11/.autopilot/db/conv_line_buffer_shi.sched.adb -f 
INFO-FLOW: Finish scheduling conv_line_buffer_shi.
Execute       set_default_model conv_line_buffer_shi 
Execute       bind -model conv_line_buffer_shi 
BIND OPTION: model=conv_line_buffer_shi
INFO: [BIND 205-100] Starting micro-architecture generation ...
INFO: [BIND 205-101] Performing variable lifetime analysis.
INFO: [BIND 205-101] Exploring resource sharing.
INFO: [BIND 205-101] Binding ...
INFO: [BIND 205-100] Finished micro-architecture generation.
INFO: [HLS 200-111]  Elapsed time: 0.228 seconds; current allocated memory: 136.794 MB.
Execute       syn_report -verbosereport -o D:/Desktop/fpga_lab_2/lab2_fpga_lql/solution5_unroll_11/.autopilot/db/conv_line_buffer_shi.verbose.bind.rpt 
Execute       db_write -o D:/Desktop/fpga_lab_2/lab2_fpga_lql/solution5_unroll_11/.autopilot/db/conv_line_buffer_shi.bind.adb -f 
INFO-FLOW: Finish binding conv_line_buffer_shi.
INFO: [HLS 200-10] ----------------------------------------------------------------
INFO: [HLS 200-42] -- Implementing module 'single_conv_test' 
INFO: [HLS 200-10] ----------------------------------------------------------------
Execute       set_default_model single_conv_test 
Execute       schedule -model single_conv_test 
INFO: [SCHED 204-11] Starting scheduling ...
INFO: [SCHED 204-11] Finished scheduling.
Command       schedule done; 1.688 sec.
INFO: [HLS 200-111]  Elapsed time: 1.91 seconds; current allocated memory: 142.842 MB.
Execute       syn_report -verbosereport -o D:/Desktop/fpga_lab_2/lab2_fpga_lql/solution5_unroll_11/.autopilot/db/single_conv_test.verbose.sched.rpt 
Command       syn_report done; 0.904 sec.
Execute       db_write -o D:/Desktop/fpga_lab_2/lab2_fpga_lql/solution5_unroll_11/.autopilot/db/single_conv_test.sched.adb -f 
Command       db_write done; 1.199 sec.
INFO-FLOW: Finish scheduling single_conv_test.
Execute       set_default_model single_conv_test 
Execute       bind -model single_conv_test 
BIND OPTION: model=single_conv_test
INFO: [BIND 205-100] Starting micro-architecture generation ...
INFO: [BIND 205-101] Performing variable lifetime analysis.
INFO: [BIND 205-101] Exploring resource sharing.
INFO: [BIND 205-101] Binding ...
INFO: [BIND 205-100] Finished micro-architecture generation.
Command       bind done; 0.971 sec.
INFO: [HLS 200-111]  Elapsed time: 3.127 seconds; current allocated memory: 151.275 MB.
Execute       syn_report -verbosereport -o D:/Desktop/fpga_lab_2/lab2_fpga_lql/solution5_unroll_11/.autopilot/db/single_conv_test.verbose.bind.rpt 
Command       syn_report done; 1.591 sec.
Execute       db_write -o D:/Desktop/fpga_lab_2/lab2_fpga_lql/solution5_unroll_11/.autopilot/db/single_conv_test.bind.adb -f 
Command       db_write done; 1.543 sec.
INFO-FLOW: Finish binding single_conv_test.
Execute       get_model_list single_conv_test -filter all-wo-channel 
INFO-FLOW: Preprocessing for RTLGen ...
Execute       rtl_gen_preprocess single_conv_calculat 
Execute       rtl_gen_preprocess conv_line_buffer_shi 
Execute       rtl_gen_preprocess single_conv_test 
INFO-FLOW: Model list for RTL generation: single_conv_calculat conv_line_buffer_shi single_conv_test
INFO: [HLS 200-10] ----------------------------------------------------------------
INFO: [HLS 200-10] -- Generating RTL for module 'single_conv_calculat' 
INFO: [HLS 200-10] ----------------------------------------------------------------
Execute       get_config_rtl -module_prefix 
Execute       get_config_rtl -module_auto_prefix 
Execute       create_rtl_model single_conv_calculat -vendor xilinx -mg_file D:/Desktop/fpga_lab_2/lab2_fpga_lql/solution5_unroll_11/.autopilot/db/single_conv_calculat.compgen.tcl 
INFO: [RTGEN 206-100] Finished creating RTL model for 'single_conv_calculat'.
INFO: [HLS 200-111]  Elapsed time: 3.305 seconds; current allocated memory: 152.089 MB.
Execute       source D:/Desktop/fpga_lab_2/lab2_fpga_lql/solution5_unroll_11/.autopilot/db/single_conv_test.rtl_wrap.cfg.tcl 
Execute       gen_rtl single_conv_calculat -style xilinx -tracefl mytrace -tracefmt vcd -traceopt all -f -lang sc -o D:/Desktop/fpga_lab_2/lab2_fpga_lql/solution5_unroll_11/syn/systemc/single_conv_calculat -synmodules single_conv_calculat conv_line_buffer_shi single_conv_test 
Execute       gen_rtl single_conv_calculat -style xilinx -f -lang vhdl -o D:/Desktop/fpga_lab_2/lab2_fpga_lql/solution5_unroll_11/syn/vhdl/single_conv_calculat 
Execute       gen_rtl single_conv_calculat -style xilinx -f -lang vlog -o D:/Desktop/fpga_lab_2/lab2_fpga_lql/solution5_unroll_11/syn/verilog/single_conv_calculat 
Execute       syn_report -csynth -model single_conv_calculat -o D:/Desktop/fpga_lab_2/lab2_fpga_lql/solution5_unroll_11/syn/report/single_conv_calculat_csynth.rpt 
Execute       syn_report -rtlxml -model single_conv_calculat -o D:/Desktop/fpga_lab_2/lab2_fpga_lql/solution5_unroll_11/syn/report/single_conv_calculat_csynth.xml 
Execute       syn_report -verbosereport -model single_conv_calculat -o D:/Desktop/fpga_lab_2/lab2_fpga_lql/solution5_unroll_11/.autopilot/db/single_conv_calculat.verbose.rpt 
Execute       db_write -model single_conv_calculat -f -o D:/Desktop/fpga_lab_2/lab2_fpga_lql/solution5_unroll_11/.autopilot/db/single_conv_calculat.adb 
Execute       gen_tb_info single_conv_calculat -p D:/Desktop/fpga_lab_2/lab2_fpga_lql/solution5_unroll_11/.autopilot/db -o D:/Desktop/fpga_lab_2/lab2_fpga_lql/solution5_unroll_11/.autopilot/db/single_conv_calculat 
INFO: [HLS 200-10] ----------------------------------------------------------------
INFO: [HLS 200-10] -- Generating RTL for module 'conv_line_buffer_shi' 
INFO: [HLS 200-10] ----------------------------------------------------------------
Execute       get_config_rtl -module_prefix 
Execute       get_config_rtl -module_auto_prefix 
Execute       create_rtl_model conv_line_buffer_shi -vendor xilinx -mg_file D:/Desktop/fpga_lab_2/lab2_fpga_lql/solution5_unroll_11/.autopilot/db/conv_line_buffer_shi.compgen.tcl 
INFO: [RTGEN 206-100] Finished creating RTL model for 'conv_line_buffer_shi'.
INFO: [HLS 200-111]  Elapsed time: 0.497 seconds; current allocated memory: 152.656 MB.
Execute       source D:/Desktop/fpga_lab_2/lab2_fpga_lql/solution5_unroll_11/.autopilot/db/single_conv_test.rtl_wrap.cfg.tcl 
Execute       gen_rtl conv_line_buffer_shi -style xilinx -tracefl mytrace -tracefmt vcd -traceopt all -f -lang sc -o D:/Desktop/fpga_lab_2/lab2_fpga_lql/solution5_unroll_11/syn/systemc/conv_line_buffer_shi -synmodules single_conv_calculat conv_line_buffer_shi single_conv_test 
Execute       gen_rtl conv_line_buffer_shi -style xilinx -f -lang vhdl -o D:/Desktop/fpga_lab_2/lab2_fpga_lql/solution5_unroll_11/syn/vhdl/conv_line_buffer_shi 
Execute       gen_rtl conv_line_buffer_shi -style xilinx -f -lang vlog -o D:/Desktop/fpga_lab_2/lab2_fpga_lql/solution5_unroll_11/syn/verilog/conv_line_buffer_shi 
Execute       syn_report -csynth -model conv_line_buffer_shi -o D:/Desktop/fpga_lab_2/lab2_fpga_lql/solution5_unroll_11/syn/report/conv_line_buffer_shi_csynth.rpt 
Execute       syn_report -rtlxml -model conv_line_buffer_shi -o D:/Desktop/fpga_lab_2/lab2_fpga_lql/solution5_unroll_11/syn/report/conv_line_buffer_shi_csynth.xml 
Execute       syn_report -verbosereport -model conv_line_buffer_shi -o D:/Desktop/fpga_lab_2/lab2_fpga_lql/solution5_unroll_11/.autopilot/db/conv_line_buffer_shi.verbose.rpt 
Command       syn_report done; 0.148 sec.
Execute       db_write -model conv_line_buffer_shi -f -o D:/Desktop/fpga_lab_2/lab2_fpga_lql/solution5_unroll_11/.autopilot/db/conv_line_buffer_shi.adb 
Command       db_write done; 0.227 sec.
Execute       gen_tb_info conv_line_buffer_shi -p D:/Desktop/fpga_lab_2/lab2_fpga_lql/solution5_unroll_11/.autopilot/db -o D:/Desktop/fpga_lab_2/lab2_fpga_lql/solution5_unroll_11/.autopilot/db/conv_line_buffer_shi 
INFO: [HLS 200-10] ----------------------------------------------------------------
INFO: [HLS 200-10] -- Generating RTL for module 'single_conv_test' 
INFO: [HLS 200-10] ----------------------------------------------------------------
Execute       get_config_rtl -module_prefix 
Execute       get_config_rtl -module_auto_prefix 
Execute       create_rtl_model single_conv_test -vendor xilinx -mg_file D:/Desktop/fpga_lab_2/lab2_fpga_lql/solution5_unroll_11/.autopilot/db/single_conv_test.compgen.tcl 
INFO: [RTGEN 206-500] Setting interface mode on port 'single_conv_test/imgtotal' to 'ap_memory'.
INFO: [RTGEN 206-500] Setting interface mode on port 'single_conv_test/weitotal' to 'ap_memory'.
INFO: [RTGEN 206-500] Setting interface mode on port 'single_conv_test/outtotal' to 'ap_memory'.
INFO: [RTGEN 206-500] Setting interface mode on function 'single_conv_test' to 'ap_ctrl_hs'.
INFO: [SYN 201-210] Renamed object name 'single_conv_test_cal_conv' to 'single_conv_test_bkb' due to the length limit 20
INFO: [SYN 201-210] Renamed object name 'single_conv_test_conv_line_buffer' to 'single_conv_test_cud' due to the length limit 20
INFO: [SYN 201-210] Renamed object name 'single_conv_test_kernel' to 'single_conv_test_dEe' due to the length limit 20
WARNING: [RTGEN 206-101] Register 'cal_pool_0_0' is power-on initialization.
WARNING: [RTGEN 206-101] Register 'cal_pool_0_1' is power-on initialization.
WARNING: [RTGEN 206-101] Register 'cal_pool_1_0' is power-on initialization.
WARNING: [RTGEN 206-101] Register 'cal_pool_1_1' is power-on initialization.
INFO: [SYN 201-210] Renamed object name 'single_conv_test_pool_line_buffer' to 'single_conv_test_eOg' due to the length limit 20
INFO: [SYN 201-210] Renamed object name 'single_conv_test_conv_output' to 'single_conv_test_fYi' due to the length limit 20
INFO: [SYN 201-210] Renamed object name 'single_conv_test_img' to 'single_conv_test_g8j' due to the length limit 20
INFO: [RTGEN 206-100] Finished creating RTL model for 'single_conv_test'.
Command       create_rtl_model done; 1.331 sec.
INFO: [HLS 200-111]  Elapsed time: 2.111 seconds; current allocated memory: 164.422 MB.
Execute       source D:/Desktop/fpga_lab_2/lab2_fpga_lql/solution5_unroll_11/.autopilot/db/single_conv_test.rtl_wrap.cfg.tcl 
Execute       gen_rtl single_conv_test -istop -style xilinx -tracefl mytrace -tracefmt vcd -traceopt all -f -lang sc -o D:/Desktop/fpga_lab_2/lab2_fpga_lql/solution5_unroll_11/syn/systemc/single_conv_test -synmodules single_conv_calculat conv_line_buffer_shi single_conv_test 
Command       gen_rtl done; 0.53 sec.
Execute       gen_rtl single_conv_test -istop -style xilinx -f -lang vhdl -o D:/Desktop/fpga_lab_2/lab2_fpga_lql/solution5_unroll_11/syn/vhdl/single_conv_test 
Command       gen_rtl done; 0.593 sec.
Execute       gen_rtl single_conv_test -istop -style xilinx -f -lang vlog -o D:/Desktop/fpga_lab_2/lab2_fpga_lql/solution5_unroll_11/syn/verilog/single_conv_test 
Command       gen_rtl done; 0.465 sec.
Execute       syn_report -csynth -model single_conv_test -o D:/Desktop/fpga_lab_2/lab2_fpga_lql/solution5_unroll_11/syn/report/single_conv_test_csynth.rpt 
Command       syn_report done; 0.372 sec.
Execute       syn_report -rtlxml -model single_conv_test -o D:/Desktop/fpga_lab_2/lab2_fpga_lql/solution5_unroll_11/syn/report/single_conv_test_csynth.xml 
Command       syn_report done; 0.282 sec.
Execute       syn_report -verbosereport -model single_conv_test -o D:/Desktop/fpga_lab_2/lab2_fpga_lql/solution5_unroll_11/.autopilot/db/single_conv_test.verbose.rpt 
Command       syn_report done; 1.824 sec.
Execute       db_write -model single_conv_test -f -o D:/Desktop/fpga_lab_2/lab2_fpga_lql/solution5_unroll_11/.autopilot/db/single_conv_test.adb 
Command       db_write done; 1.955 sec.
Execute       gen_tb_info single_conv_test -p D:/Desktop/fpga_lab_2/lab2_fpga_lql/solution5_unroll_11/.autopilot/db -o D:/Desktop/fpga_lab_2/lab2_fpga_lql/solution5_unroll_11/.autopilot/db/single_conv_test 
Execute       export_constraint_db -f -tool general -o D:/Desktop/fpga_lab_2/lab2_fpga_lql/solution5_unroll_11/.autopilot/db/single_conv_test.constraint.tcl 
Execute       syn_report -designview -model single_conv_test -o D:/Desktop/fpga_lab_2/lab2_fpga_lql/solution5_unroll_11/.autopilot/db/single_conv_test.design.xml 
Command       syn_report done; 0.576 sec.
Execute       get_config_rtl -disable_wave_debug 
Execute       syn_report -wcfg -model single_conv_test -o D:/Desktop/fpga_lab_2/lab2_fpga_lql/solution5_unroll_11/.autopilot/db/single_conv_test_dataflow_ana.wcfg 
Execute       syn_report -protoinst -model single_conv_test -o D:/Desktop/fpga_lab_2/lab2_fpga_lql/solution5_unroll_11/.autopilot/db/single_conv_test.protoinst 
Execute       get_config_debug -directory 
Execute       sc_get_clocks single_conv_test 
Execute       get_config_export -vivado_clock 
Execute       sc_get_portdomain single_conv_test 
INFO-FLOW: Model list for RTL component generation: single_conv_calculat conv_line_buffer_shi single_conv_test
INFO-FLOW: Handling components in module [single_conv_calculat] ... 
Execute       source D:/Desktop/fpga_lab_2/lab2_fpga_lql/solution5_unroll_11/.autopilot/db/single_conv_calculat.compgen.tcl 
INFO-FLOW: Handling components in module [conv_line_buffer_shi] ... 
Execute       source D:/Desktop/fpga_lab_2/lab2_fpga_lql/solution5_unroll_11/.autopilot/db/conv_line_buffer_shi.compgen.tcl 
INFO-FLOW: Handling components in module [single_conv_test] ... 
Execute       source D:/Desktop/fpga_lab_2/lab2_fpga_lql/solution5_unroll_11/.autopilot/db/single_conv_test.compgen.tcl 
INFO-FLOW: Found component single_conv_test_bkb.
INFO-FLOW: Append model single_conv_test_bkb
INFO-FLOW: Found component single_conv_test_cud.
INFO-FLOW: Append model single_conv_test_cud
INFO-FLOW: Found component single_conv_test_dEe.
INFO-FLOW: Append model single_conv_test_dEe
INFO-FLOW: Found component single_conv_test_eOg.
INFO-FLOW: Append model single_conv_test_eOg
INFO-FLOW: Found component single_conv_test_fYi.
INFO-FLOW: Append model single_conv_test_fYi
INFO-FLOW: Found component single_conv_test_g8j.
INFO-FLOW: Append model single_conv_test_g8j
INFO-FLOW: Append model single_conv_calculat
INFO-FLOW: Append model conv_line_buffer_shi
INFO-FLOW: Append model single_conv_test
INFO-FLOW: Generating RTL model list ...
INFO-FLOW: All models in this session: single_conv_test_bkb single_conv_test_cud single_conv_test_dEe single_conv_test_eOg single_conv_test_fYi single_conv_test_g8j single_conv_calculat conv_line_buffer_shi single_conv_test
INFO-FLOW: To file: write model single_conv_test_bkb
INFO-FLOW: To file: write model single_conv_test_cud
INFO-FLOW: To file: write model single_conv_test_dEe
INFO-FLOW: To file: write model single_conv_test_eOg
INFO-FLOW: To file: write model single_conv_test_fYi
INFO-FLOW: To file: write model single_conv_test_g8j
INFO-FLOW: To file: write model single_conv_calculat
INFO-FLOW: To file: write model conv_line_buffer_shi
INFO-FLOW: To file: write model single_conv_test
INFO-FLOW: Finished generating RTL model list.


INFO-FLOW: RTL Generation done.
INFO-FLOW: CAS Generation done.
INFO-FLOW: CBC Generation done.
INFO-FLOW: DBG:CMD: auto_generate_csynth_design
INFO-FLOW: DBG:CMD:     auto_generate --sim-model -phase csynth_design -d D:/Desktop/fpga_lab_2/lab2_fpga_lql/solution5_unroll_11
Execute       source D:/Desktop/fpga_lab_2/lab2_fpga_lql/solution5_unroll_11/.autopilot/db/global.setting.tcl 
INFO-FLOW: DBG:CMD: read_platform_lib D:/Desktop/fpga_lab_2/lab2_fpga_lql/solution5_unroll_11/.autopilot/db/global.setting.tcl
Execute       source C:/Xilinx/Vivado/2019.1/common/technology/generic/autopilot/common.gen 
Execute         source C:/Xilinx/Vivado/2019.1/common/technology/generic/autopilot/APCoreGen.gen 
Execute       source C:/Xilinx/Vivado/2019.1/common/technology/generic/autopilot/op.gen 
Execute       source C:/Xilinx/Vivado/2019.1/common/technology/generic/autopilot/op_simcore.gen 
Execute       source C:/Xilinx/Vivado/2019.1/common/technology/generic/autopilot/interface.gen 
Execute       source D:/Desktop/fpga_lab_2/lab2_fpga_lql/solution5_unroll_11/.autopilot/db/global.setting.tcl 
Execute       source C:/Xilinx/Vivado/2019.1/common/technology/xilinx/artix7/artix7.gen 
Execute         source C:/Xilinx/Vivado/2019.1/common/technology/xilinx/common/xilinx.gen 
Execute           source C:/Xilinx/Vivado/2019.1/common/technology/xilinx/interface/plb46.gen 
Execute           source C:/Xilinx/Vivado/2019.1/common/technology/xilinx/interface/fsl.gen 
Execute           source C:/Xilinx/Vivado/2019.1/common/technology/xilinx/interface/axi4.gen 
Execute           source C:/Xilinx/Vivado/2019.1/common/technology/xilinx/interface/nativeAXI4.gen 
Execute             source C:/Xilinx/Vivado/2019.1/common/technology/xilinx/interface/saxilite.gen 
Execute             source C:/Xilinx/Vivado/2019.1/common/technology/xilinx/interface/maxi.gen 
Execute           source C:/Xilinx/Vivado/2019.1/common/technology/xilinx/scripts/xilinxcoregen.gen 
Execute           source C:/Xilinx/Vivado/2019.1/common/technology/xilinx/interface/XilEDKCoreGen.gen 
Execute           source C:/Xilinx/Vivado/2019.1/common/technology/xilinx/ip/dds_compiler.gen 
Execute           source C:/Xilinx/Vivado/2019.1/common/technology/xilinx/ip/util.gen 
Execute           source C:/Xilinx/Vivado/2019.1/common/technology/xilinx/ip/xfft.gen 
Execute           source C:/Xilinx/Vivado/2019.1/common/technology/xilinx/ip/xfir.gen 
Execute           source C:/Xilinx/Vivado/2019.1/common/technology/xilinx/common/dsp48.gen 
Command         ap_source done; 0.149 sec.
Command       ap_source done; 0.149 sec.
Execute       source C:/Xilinx/Vivado/2019.1/common/technology/xilinx/artix7/artix7_fpv6.gen 
Execute         source C:/Xilinx/Vivado/2019.1/common/technology/xilinx/common/xilinx_fp.gen 
INFO-FLOW: DBG:CMD:   using AESL_AUTOCG::g_clock_period=10.000 (was NA)
INFO-FLOW: DBG:CMD:       generate_ip_cores sim=1 export=0 expOnly=0 dstVlogDir=syn/verilog
Execute       source D:/Desktop/fpga_lab_2/lab2_fpga_lql/solution5_unroll_11/.autopilot/db/global.setting.tcl 
Execute       ap_part_info -name xc7a12ti-csg325-1L -data names -quiet 
Execute       ap_part_info -name xc7a12ti-csg325-1L -data info -quiet 
Execute       source D:/Desktop/fpga_lab_2/lab2_fpga_lql/solution5_unroll_11/.autopilot/db/global.setting.tcl 
Execute       source D:/Desktop/fpga_lab_2/lab2_fpga_lql/solution5_unroll_11/.autopilot/db/global.setting.tcl 
Execute       source D:/Desktop/fpga_lab_2/lab2_fpga_lql/solution5_unroll_11/.autopilot/db/single_conv_calculat.compgen.tcl 
Execute       source D:/Desktop/fpga_lab_2/lab2_fpga_lql/solution5_unroll_11/.autopilot/db/conv_line_buffer_shi.compgen.tcl 
Execute       source D:/Desktop/fpga_lab_2/lab2_fpga_lql/solution5_unroll_11/.autopilot/db/single_conv_test.compgen.tcl 
INFO: [RTMG 210-278] Implementing memory 'single_conv_test_bkb_ram (RAM)' using block RAMs with power-on initialization.
Execute         ap_part_info -name xc7a12ti-csg325-1L -data names -quiet 
Execute         ap_part_info -name xc7a12ti-csg325-1L -data info -quiet 
INFO: [RTMG 210-278] Implementing memory 'single_conv_test_cud_ram (RAM)' using distributed RAMs with power-on initialization.
Execute         ap_part_info -name xc7a12ti-csg325-1L -data names -quiet 
Execute         ap_part_info -name xc7a12ti-csg325-1L -data info -quiet 
INFO: [RTMG 210-278] Implementing memory 'single_conv_test_dEe_ram (RAM)' using distributed RAMs with power-on initialization.
Execute         ap_part_info -name xc7a12ti-csg325-1L -data names -quiet 
Execute         ap_part_info -name xc7a12ti-csg325-1L -data info -quiet 
INFO: [RTMG 210-278] Implementing memory 'single_conv_test_eOg_ram (RAM)' using distributed RAMs with power-on initialization.
Execute         ap_part_info -name xc7a12ti-csg325-1L -data names -quiet 
Execute         ap_part_info -name xc7a12ti-csg325-1L -data info -quiet 
INFO: [RTMG 210-278] Implementing memory 'single_conv_test_fYi_ram (RAM)' using block RAMs.
Execute         ap_part_info -name xc7a12ti-csg325-1L -data names -quiet 
Execute         ap_part_info -name xc7a12ti-csg325-1L -data info -quiet 
INFO: [RTMG 210-278] Implementing memory 'single_conv_test_g8j_ram (RAM)' using block RAMs.
Execute         ap_part_info -name xc7a12ti-csg325-1L -data names -quiet 
Execute         ap_part_info -name xc7a12ti-csg325-1L -data info -quiet 
Command       ap_source done; 0.683 sec.
INFO-FLOW: DBG:CMD:     auto_generate -export -impltomg_flag -rtl both -tool Vivado -pcore_version 1.00.a -phase csynth_design -d D:/Desktop/fpga_lab_2/lab2_fpga_lql/solution5_unroll_11
Execute       source D:/Desktop/fpga_lab_2/lab2_fpga_lql/solution5_unroll_11/.autopilot/db/global.setting.tcl 
INFO-FLOW: DBG:CMD: read_platform_lib D:/Desktop/fpga_lab_2/lab2_fpga_lql/solution5_unroll_11/.autopilot/db/global.setting.tcl
Execute       source C:/Xilinx/Vivado/2019.1/common/technology/generic/autopilot/common.gen 
Execute         source C:/Xilinx/Vivado/2019.1/common/technology/generic/autopilot/APCoreGen.gen 
Execute       source C:/Xilinx/Vivado/2019.1/common/technology/generic/autopilot/op.gen 
Execute       source C:/Xilinx/Vivado/2019.1/common/technology/generic/autopilot/op_simcore.gen 
Execute       source C:/Xilinx/Vivado/2019.1/common/technology/generic/autopilot/interface.gen 
Execute       source D:/Desktop/fpga_lab_2/lab2_fpga_lql/solution5_unroll_11/.autopilot/db/global.setting.tcl 
Execute       source C:/Xilinx/Vivado/2019.1/common/technology/xilinx/artix7/artix7.gen 
Execute         source C:/Xilinx/Vivado/2019.1/common/technology/xilinx/common/xilinx.gen 
Execute           source C:/Xilinx/Vivado/2019.1/common/technology/xilinx/interface/plb46.gen 
Execute           source C:/Xilinx/Vivado/2019.1/common/technology/xilinx/interface/fsl.gen 
Execute           source C:/Xilinx/Vivado/2019.1/common/technology/xilinx/interface/axi4.gen 
Execute           source C:/Xilinx/Vivado/2019.1/common/technology/xilinx/interface/nativeAXI4.gen 
Execute             source C:/Xilinx/Vivado/2019.1/common/technology/xilinx/interface/saxilite.gen 
Execute             source C:/Xilinx/Vivado/2019.1/common/technology/xilinx/interface/maxi.gen 
Execute           source C:/Xilinx/Vivado/2019.1/common/technology/xilinx/scripts/xilinxcoregen.gen 
Execute           source C:/Xilinx/Vivado/2019.1/common/technology/xilinx/interface/XilEDKCoreGen.gen 
Execute           source C:/Xilinx/Vivado/2019.1/common/technology/xilinx/ip/dds_compiler.gen 
Execute           source C:/Xilinx/Vivado/2019.1/common/technology/xilinx/ip/util.gen 
Execute           source C:/Xilinx/Vivado/2019.1/common/technology/xilinx/ip/xfft.gen 
Execute           source C:/Xilinx/Vivado/2019.1/common/technology/xilinx/ip/xfir.gen 
Execute           source C:/Xilinx/Vivado/2019.1/common/technology/xilinx/common/dsp48.gen 
Command         ap_source done; 0.144 sec.
Command       ap_source done; 0.145 sec.
Execute       source C:/Xilinx/Vivado/2019.1/common/technology/xilinx/artix7/artix7_fpv6.gen 
Execute         source C:/Xilinx/Vivado/2019.1/common/technology/xilinx/common/xilinx_fp.gen 
INFO-FLOW: DBG:CMD:       initCTypeInfo top_module=single_conv_test xml_exists=0
Execute       source D:/Desktop/fpga_lab_2/lab2_fpga_lql/solution5_unroll_11/.autopilot/db/single_conv_test.rtl_wrap.cfg.tcl 
Execute       source D:/Desktop/fpga_lab_2/lab2_fpga_lql/solution5_unroll_11/.autopilot/db/single_conv_test.rtl_wrap.cfg.tcl 
Execute       source D:/Desktop/fpga_lab_2/lab2_fpga_lql/solution5_unroll_11/.autopilot/db/single_conv_test.rtl_wrap.cfg.tcl 
Execute       source D:/Desktop/fpga_lab_2/lab2_fpga_lql/solution5_unroll_11/.autopilot/db/single_conv_test.tbgen.tcl 
Execute       source D:/Desktop/fpga_lab_2/lab2_fpga_lql/solution5_unroll_11/.autopilot/db/single_conv_test.tbgen.tcl 
INFO-FLOW: DBG:CMD:       export_impl_rtl
INFO-FLOW: DBG:CMD:       generate_ip_cores sim=0 export=0 expOnly=0 dstVlogDir=impl/.verilog
Execute       source D:/Desktop/fpga_lab_2/lab2_fpga_lql/solution5_unroll_11/.autopilot/db/global.setting.tcl 
Execute       source D:/Desktop/fpga_lab_2/lab2_fpga_lql/solution5_unroll_11/.autopilot/db/single_conv_calculat.compgen.tcl 
Execute       source D:/Desktop/fpga_lab_2/lab2_fpga_lql/solution5_unroll_11/.autopilot/db/conv_line_buffer_shi.compgen.tcl 
Execute       source D:/Desktop/fpga_lab_2/lab2_fpga_lql/solution5_unroll_11/.autopilot/db/single_conv_test.compgen.tcl 
INFO-FLOW: DBG:CMD:       generate_ip_cores sim=0 export=1 expOnly=1 dstVlogDir=impl/.pcores/verilog
Execute       source D:/Desktop/fpga_lab_2/lab2_fpga_lql/solution5_unroll_11/.autopilot/db/global.setting.tcl 
Execute       source D:/Desktop/fpga_lab_2/lab2_fpga_lql/solution5_unroll_11/.autopilot/db/single_conv_calculat.compgen.tcl 
Execute       source D:/Desktop/fpga_lab_2/lab2_fpga_lql/solution5_unroll_11/.autopilot/db/conv_line_buffer_shi.compgen.tcl 
Execute       source D:/Desktop/fpga_lab_2/lab2_fpga_lql/solution5_unroll_11/.autopilot/db/single_conv_test.compgen.tcl 
Execute         ap_part_info -name xc7a12ti-csg325-1L -data names -quiet 
Execute         ap_part_info -name xc7a12ti-csg325-1L -data info -quiet 
Execute         ap_part_info -name xc7a12ti-csg325-1L -data names -quiet 
Execute         ap_part_info -name xc7a12ti-csg325-1L -data info -quiet 
Execute         source D:/Desktop/fpga_lab_2/lab2_fpga_lql/solution5_unroll_11/.autopilot/db/single_conv_test.tbgen.tcl 
Execute         source D:/Desktop/fpga_lab_2/lab2_fpga_lql/solution5_unroll_11/.autopilot/db/single_conv_test.tbgen.tcl 
Execute         source D:/Desktop/fpga_lab_2/lab2_fpga_lql/solution5_unroll_11/.autopilot/db/single_conv_test.tbgen.tcl 
Execute         ap_part_info -name xc7a12ti-csg325-1L -data names -quiet 
Execute         ap_part_info -name xc7a12ti-csg325-1L -data info -quiet 
Execute         ap_part_info -name xc7a12ti-csg325-1L -data names -quiet 
Execute         ap_part_info -name xc7a12ti-csg325-1L -data info -quiet 
Execute         ap_part_info -name xc7a12ti-csg325-1L -data names -quiet 
Execute         ap_part_info -name xc7a12ti-csg325-1L -data info -quiet 
Execute         ap_part_info -name xc7a12ti-csg325-1L -data names -quiet 
Execute         ap_part_info -name xc7a12ti-csg325-1L -data info -quiet 
Execute         ap_part_info -name xc7a12ti-csg325-1L -data names -quiet 
Execute         ap_part_info -name xc7a12ti-csg325-1L -data info -quiet 
Command       ap_source done; 0.151 sec.
Execute       ap_part_info -name xc7a12ti-csg325-1L -data names -quiet 
Execute       ap_part_info -name xc7a12ti-csg325-1L -data info -quiet 
INFO-FLOW: DBG:CMD:       generate_ip_cores sim=0 export=0 expOnly=0 dstVlogDir=impl/.pcores/verilog_sim
Execute       source D:/Desktop/fpga_lab_2/lab2_fpga_lql/solution5_unroll_11/.autopilot/db/global.setting.tcl 
Execute       source D:/Desktop/fpga_lab_2/lab2_fpga_lql/solution5_unroll_11/.autopilot/db/single_conv_calculat.compgen.tcl 
Execute       source D:/Desktop/fpga_lab_2/lab2_fpga_lql/solution5_unroll_11/.autopilot/db/conv_line_buffer_shi.compgen.tcl 
Execute       source D:/Desktop/fpga_lab_2/lab2_fpga_lql/solution5_unroll_11/.autopilot/db/single_conv_test.compgen.tcl 
Execute       ap_part_info -name xc7a12ti-csg325-1L -data names -quiet 
Execute       ap_part_info -name xc7a12ti-csg325-1L -data info -quiet 
Execute       ap_part_info -name xc7a12ti-csg325-1L -data names -quiet 
Execute       ap_part_info -name xc7a12ti-csg325-1L -data info -quiet 
Execute       source D:/Desktop/fpga_lab_2/lab2_fpga_lql/solution5_unroll_11/.autopilot/db/global.setting.tcl 
Execute       ap_part_info -name xc7a12ti-csg325-1L -data names -quiet 
Execute       ap_part_info -name xc7a12ti-csg325-1L -data info -quiet 
Execute       source D:/Desktop/fpga_lab_2/lab2_fpga_lql/solution5_unroll_11/.autopilot/db/single_conv_test.constraint.tcl 
Execute       source D:/Desktop/fpga_lab_2/lab2_fpga_lql/solution5_unroll_11/.autopilot/db/single_conv_test.tbgen.tcl 
INFO-FLOW: DBG:CMD:       hasPcoreIpAdapter=false #gSsdmPorts=8
INFO-FLOW: DBG:CMD: Skipping loadAnalyze_DB, #g_database=3
INFO-FLOW: DBG:CMD:       generate_json is_phase_csynth=1 g_has_adaptors=false generate_bd_files=0 #modelList=9 #gSsdmPorts=8
Execute       source C:/Xilinx/Vivado/2019.1/tps/tcl/tcllib1.11.1/fileutil/fileutil.tcl 
Execute       source D:/Desktop/fpga_lab_2/lab2_fpga_lql/solution5_unroll_11/.autopilot/db/global.setting.tcl 
Execute       source D:/Desktop/fpga_lab_2/lab2_fpga_lql/solution5_unroll_11/.autopilot/db/global.setting.tcl 
Execute       get_config_export -xo 
Execute       source D:/Desktop/fpga_lab_2/lab2_fpga_lql/solution5_unroll_11/.autopilot/db/single_conv_test.tbgen.tcl 
Execute       source D:/Desktop/fpga_lab_2/lab2_fpga_lql/solution5_unroll_11/.autopilot/db/single_conv_test.tbgen.tcl 
Execute       source D:/Desktop/fpga_lab_2/lab2_fpga_lql/solution5_unroll_11/.autopilot/db/single_conv_test.tbgen.tcl 
Execute       source D:/Desktop/fpga_lab_2/lab2_fpga_lql/solution5_unroll_11/.autopilot/db/global.setting.tcl 
Execute       get_config_sdx -target 
Execute       source D:/Desktop/fpga_lab_2/lab2_fpga_lql/solution5_unroll_11/.autopilot/db/single_conv_test.rtl_wrap.cfg.tcl 
Execute       source D:/Desktop/fpga_lab_2/lab2_fpga_lql/solution5_unroll_11/.autopilot/db/single_conv_test.compgen.dataonly.tcl 
Execute       source D:/Desktop/fpga_lab_2/lab2_fpga_lql/solution5_unroll_11/.autopilot/db/global.setting.tcl 
Execute       ap_part_info -name xc7a12ti-csg325-1L -data names -quiet 
Execute       ap_part_info -name xc7a12ti-csg325-1L -data info -quiet 
Execute       source D:/Desktop/fpga_lab_2/lab2_fpga_lql/solution5_unroll_11/.autopilot/db/single_conv_test.constraint.tcl 
Execute       sc_get_clocks single_conv_test 
Execute       ap_part_info -name xc7a12ti-csg325-1L -data names -quiet 
Execute       ap_part_info -name xc7a12ti-csg325-1L -data info -quiet 
Execute       source D:/Desktop/fpga_lab_2/lab2_fpga_lql/solution5_unroll_11/.autopilot/db/global.setting.tcl 
Execute       get_config_debug -directory 
Execute       source D:/Desktop/fpga_lab_2/lab2_fpga_lql/solution5_unroll_11/.autopilot/db/single_conv_calculat.tbgen.tcl 
Execute       source D:/Desktop/fpga_lab_2/lab2_fpga_lql/solution5_unroll_11/.autopilot/db/conv_line_buffer_shi.tbgen.tcl 
Execute       source D:/Desktop/fpga_lab_2/lab2_fpga_lql/solution5_unroll_11/.autopilot/db/single_conv_test.tbgen.tcl 
Execute       get_config_sdx -target 
Execute       get_config_sdx -profile 
Execute       get_config_rtl -kernel_profile 
Execute       get_config_rtl -stall_sig_gen 
Execute       get_config_rtl -profile 
INFO-FLOW: DBG:CMD: add_json_sdx_info kernel file does not exist, skipping opencl info: D:/Desktop/fpga_lab_2/lab2_fpga_lql/solution5_unroll_11/.autopilot/db/kernel.internal.xml
INFO-FLOW: DBG:CMD:       delete-temp-dirs (skipped for debug)
INFO: [HLS 200-111] Finished generating all RTL models Time (s): cpu = 00:00:25 ; elapsed = 00:00:46 . Memory (MB): peak = 276.051 ; gain = 184.395
INFO: [VHDL 208-304] Generating VHDL RTL for single_conv_test.
INFO: [VLOG 209-307] Generating Verilog RTL for single_conv_test.
Command     autosyn done; 24.615 sec.
Command   csynth_design done; 43.506 sec.
Command ap_source done; 44.815 sec.
Execute cleanup_all 
