

================================================================
== Vivado HLS Report for 'conv_line_buffer_shi'
================================================================
* Date:           Sun Dec  6 13:34:35 2020

* Version:        2019.1 (Build 2552052 on Fri May 24 15:28:33 MDT 2019)
* Project:        lab2_fpga_lql
* Solution:       solution5_unroll_11
* Product family: artix7
* Target device:  xc7a12ti-csg325-1L


================================================================
== Performance Estimates
================================================================
+ Timing (ns): 
    * Summary: 
    +--------+-------+----------+------------+
    |  Clock | Target| Estimated| Uncertainty|
    +--------+-------+----------+------------+
    |ap_clk  |  10.00|     5.790|        1.25|
    +--------+-------+----------+------------+

+ Latency (clock cycles): 
    * Summary: 
    +-----+-----+-----+-----+---------+
    |  Latency  |  Interval | Pipeline|
    | min | max | min | max |   Type  |
    +-----+-----+-----+-----+---------+
    |   66|   66|   66|   66|   none  |
    +-----+-----+-----+-----+---------+

    + Detail: 
        * Instance: 
        N/A

        * Loop: 
        +----------------------------------------+-----+-----+----------+-----------+-----------+------+----------+
        |                                        |  Latency  | Iteration|  Initiation Interval  | Trip |          |
        |                Loop Name               | min | max |  Latency |  achieved |   target  | Count| Pipelined|
        +----------------------------------------+-----+-----+----------+-----------+-----------+------+----------+
        |- conv_line_buffer_shift_1_bit_label4   |   27|   27|         9|          -|          -|     3|    no    |
        | + conv_line_buffer_shift_1_bit_label5  |    6|    6|         2|          -|          -|     3|    no    |
        |- conv_line_buffer_shift_1_bit_label6   |   36|   36|        18|          -|          -|     2|    no    |
        | + conv_line_buffer_shift_1_bit_label7  |   16|   16|         2|          -|          -|     8|    no    |
        +----------------------------------------+-----+-----+----------+-----------+-----------+------+----------+



================================================================
== Utilization Estimates
================================================================
* Summary: 
+-----------------+---------+-------+-------+------+-----+
|       Name      | BRAM_18K| DSP48E|   FF  |  LUT | URAM|
+-----------------+---------+-------+-------+------+-----+
|DSP              |        -|      -|      -|     -|    -|
|Expression       |        -|      -|      0|   252|    -|
|FIFO             |        -|      -|      -|     -|    -|
|Instance         |        -|      -|      -|     -|    -|
|Memory           |        -|      -|      -|     -|    -|
|Multiplexer      |        -|      -|      -|   161|    -|
|Register         |        -|      -|    179|     -|    -|
+-----------------+---------+-------+-------+------+-----+
|Total            |        0|      0|    179|   413|    0|
+-----------------+---------+-------+-------+------+-----+
|Available        |       40|     40|  16000|  8000|    0|
+-----------------+---------+-------+-------+------+-----+
|Utilization (%)  |        0|      0|      1|     5|    0|
+-----------------+---------+-------+-------+------+-----+

+ Detail: 
    * Instance: 
    N/A

    * DSP48E: 
    N/A

    * Memory: 
    N/A

    * FIFO: 
    N/A

    * Expression: 
    +-----------------------+----------+-------+---+----+------------+------------+
    |     Variable Name     | Operation| DSP48E| FF| LUT| Bitwidth P0| Bitwidth P1|
    +-----------------------+----------+-------+---+----+------------+------------+
    |add_ln67_1_fu_297_p2   |     +    |      0|  0|  15|           5|           5|
    |add_ln67_fu_283_p2     |     +    |      0|  0|  15|           5|           5|
    |add_ln69_fu_306_p2     |     +    |      0|  0|  15|           5|           5|
    |add_ln82_1_fu_411_p2   |     +    |      0|  0|  15|           6|           6|
    |add_ln82_fu_397_p2     |     +    |      0|  0|  15|           6|           6|
    |i_3_fu_332_p2          |     +    |      0|  0|  10|           2|           1|
    |i_fu_200_p2            |     +    |      0|  0|  10|           2|           1|
    |j_2_fu_381_p2          |     +    |      0|  0|  13|           4|           1|
    |j_fu_265_p2            |     +    |      0|  0|  10|           2|           1|
    |sub_ln67_fu_245_p2     |     -    |      0|  0|  15|           5|           5|
    |icmp_ln62_fu_194_p2    |   icmp   |      0|  0|   8|           2|           2|
    |icmp_ln64_fu_259_p2    |   icmp   |      0|  0|   8|           2|           2|
    |icmp_ln75_fu_326_p2    |   icmp   |      0|  0|   9|           2|           3|
    |icmp_ln77_fu_375_p2    |   icmp   |      0|  0|  11|           4|           5|
    |icmp_ln79_fu_387_p2    |   icmp   |      0|  0|   9|           4|           3|
    |or_ln69_fu_214_p2      |    or    |      0|  0|   5|           5|           2|
    |or_ln80_fu_350_p2      |    or    |      0|  0|   5|           5|           3|
    |cal_conv_d0            |  select  |      0|  0|  32|           1|          32|
    |select_ln80_fu_369_p3  |  select  |      0|  0|  32|           1|          32|
    +-----------------------+----------+-------+---+----+------------+------------+
    |Total                  |          |      0|  0| 252|          68|         120|
    +-----------------------+----------+-------+---+----+------------+------------+

    * Multiplexer: 
    +---------------------------+----+-----------+-----+-----------+
    |            Name           | LUT| Input Size| Bits| Total Bits|
    +---------------------------+----+-----------+-----+-----------+
    |ap_NS_fsm                  |  47|         10|    1|         10|
    |cal_conv_address0          |  21|          4|    4|         16|
    |cal_conv_address1          |  15|          3|    4|         12|
    |conv_line_buffer_address0  |  27|          5|    4|         20|
    |conv_line_buffer_d0        |  15|          3|   32|         96|
    |i1_0_reg_172               |   9|          2|    2|          4|
    |i_0_reg_149                |   9|          2|    2|          4|
    |j2_0_reg_183               |   9|          2|    4|          8|
    |j_0_reg_161                |   9|          2|    2|          4|
    +---------------------------+----+-----------+-----+-----------+
    |Total                      | 161|         33|   55|        174|
    +---------------------------+----+-----------+-----+-----------+

    * Register: 
    +---------------------------------+----+----+-----+-----------+
    |               Name              | FF | LUT| Bits| Const Bits|
    +---------------------------------+----+----+-----+-----------+
    |add_ln67_1_reg_482               |   5|   0|    5|          0|
    |add_ln82_1_reg_528               |   6|   0|    6|          0|
    |ap_CS_fsm                        |   9|   0|    9|          0|
    |conv_line_buffer_add_16_reg_501  |   1|   0|    4|          3|
    |conv_line_buffer_loa_reg_460     |  32|   0|   32|          0|
    |go_up_0_reg_425                  |  32|   0|   32|          0|
    |go_up_1_reg_430                  |  32|   0|   32|          0|
    |i1_0_reg_172                     |   2|   0|    2|          0|
    |i_0_reg_149                      |   2|   0|    2|          0|
    |i_3_reg_490                      |   2|   0|    2|          0|
    |i_reg_438                        |   2|   0|    2|          0|
    |icmp_ln79_reg_519                |   1|   0|    1|          0|
    |j2_0_reg_183                     |   4|   0|    4|          0|
    |j_0_reg_161                      |   2|   0|    2|          0|
    |j_2_reg_514                      |   4|   0|    4|          0|
    |j_reg_468                        |   2|   0|    2|          0|
    |select_ln80_reg_506              |  32|   0|   32|          0|
    |sub_ln67_reg_448                 |   5|   0|    5|          0|
    |tmp_133_reg_455                  |   1|   0|    1|          0|
    |tmp_136_reg_473                  |   1|   0|    1|          0|
    |zext_ln80_reg_495                |   2|   0|    6|          4|
    +---------------------------------+----+----+-----+-----------+
    |Total                            | 179|   0|  186|          7|
    +---------------------------------+----+----+-----+-----------+



================================================================
== Interface
================================================================
* Summary: 
+---------------------------+-----+-----+------------+----------------------+--------------+
|         RTL Ports         | Dir | Bits|  Protocol  |     Source Object    |    C Type    |
+---------------------------+-----+-----+------------+----------------------+--------------+
|ap_clk                     |  in |    1| ap_ctrl_hs | conv_line_buffer_shi | return value |
|ap_rst                     |  in |    1| ap_ctrl_hs | conv_line_buffer_shi | return value |
|ap_start                   |  in |    1| ap_ctrl_hs | conv_line_buffer_shi | return value |
|ap_done                    | out |    1| ap_ctrl_hs | conv_line_buffer_shi | return value |
|ap_idle                    | out |    1| ap_ctrl_hs | conv_line_buffer_shi | return value |
|ap_ready                   | out |    1| ap_ctrl_hs | conv_line_buffer_shi | return value |
|data                       |  in |   32|   ap_none  |         data         |    scalar    |
|conv_line_buffer_address0  | out |    4|  ap_memory |   conv_line_buffer   |     array    |
|conv_line_buffer_ce0       | out |    1|  ap_memory |   conv_line_buffer   |     array    |
|conv_line_buffer_we0       | out |    1|  ap_memory |   conv_line_buffer   |     array    |
|conv_line_buffer_d0        | out |   32|  ap_memory |   conv_line_buffer   |     array    |
|conv_line_buffer_q0        |  in |   32|  ap_memory |   conv_line_buffer   |     array    |
|cal_conv_address0          | out |    4|  ap_memory |       cal_conv       |     array    |
|cal_conv_ce0               | out |    1|  ap_memory |       cal_conv       |     array    |
|cal_conv_we0               | out |    1|  ap_memory |       cal_conv       |     array    |
|cal_conv_d0                | out |   32|  ap_memory |       cal_conv       |     array    |
|cal_conv_q0                |  in |   32|  ap_memory |       cal_conv       |     array    |
|cal_conv_address1          | out |    4|  ap_memory |       cal_conv       |     array    |
|cal_conv_ce1               | out |    1|  ap_memory |       cal_conv       |     array    |
|cal_conv_we1               | out |    1|  ap_memory |       cal_conv       |     array    |
|cal_conv_d1                | out |   32|  ap_memory |       cal_conv       |     array    |
|cal_conv_q1                |  in |   32|  ap_memory |       cal_conv       |     array    |
+---------------------------+-----+-----+------------+----------------------+--------------+

