

================================================================
== Vivado HLS Report for 'single_conv_calculat'
================================================================
* Date:           Sun Dec  6 12:04:47 2020

* Version:        2019.1 (Build 2552052 on Fri May 24 15:28:33 MDT 2019)
* Project:        lab2_fpga_lql
* Solution:       solution2_pipeline
* Product family: artix7
* Target device:  xc7a12ti-csg325-1L


================================================================
== Performance Estimates
================================================================
+ Timing (ns): 
    * Summary: 
    +--------+-------+----------+------------+
    |  Clock | Target| Estimated| Uncertainty|
    +--------+-------+----------+------------+
    |ap_clk  |  10.00|     8.470|        1.25|
    +--------+-------+----------+------------+

+ Latency (clock cycles): 
    * Summary: 
    +-----+-----+-----+-----+----------+
    |  Latency  |  Interval | Pipeline |
    | min | max | min | max |   Type   |
    +-----+-----+-----+-----+----------+
    |    7|    7|    5|    5| function |
    +-----+-----+-----+-----+----------+

    + Detail: 
        * Instance: 
        N/A

        * Loop: 
        N/A

============================================================
+ Verbose Summary: Synthesis Manager
============================================================
InlineROM: 1
ExposeGlobal: 0
============================================================
+ Verbose Summary: CDFG Model
============================================================
IsTopModel: 0
ResetActiveHigh: 1
IsCombinational: 0
IsDatapathOnly: 0
HasWiredReturn: 1
HasMFsm: 2
HasVarLatency: 0
IsPipeline: 1
IsRtlPipelined: 1
IsInstanceOverlapped: 0
IsDontTouch: 0
HasImplIP: 0
IsGatedGlobalClock: 0

+ Individual pipeline summary: 
  * Pipeline-0: initiation interval (II) = 5, depth = 8


============================================================
+ Verbose Summary: Schedule
============================================================
* Number of FSM states : 8
* Pipeline : 1
  Pipeline-0 : II = 5, D = 8, States = { 1 2 3 4 5 6 7 8 }
* Dataflow Pipeline: 0

* FSM state transitions: 
1 --> 2 
2 --> 3 
3 --> 4 
4 --> 5 
5 --> 6 
6 --> 7 
7 --> 8 
8 --> 

* FSM state operations: 

State 1 <SV = 0> <Delay = 2.15>
ST_1 : Operation 9 [2/2] (2.15ns)   --->   "%cal_conv_load_6 = load i32* getelementptr inbounds ([9 x i32]* @cal_conv, i64 0, i64 6), align 8" [conv.cpp:34]   --->   Operation 9 'load' 'cal_conv_load_6' <Predicate = true> <Delay = 2.15> <Core = "RAM">   --->   Core 37 'RAM' <Latency = 1> <II = 1> <Delay = 2.15> <Storage> <Opcode : 'load' 'store'> <Ports = 2> <Width = 32> <Depth = 9> <RAM>
ST_1 : Operation 10 [2/2] (2.15ns)   --->   "%kernel_load_6 = load i32* getelementptr inbounds ([9 x i32]* @kernel, i64 0, i64 6), align 8" [conv.cpp:34]   --->   Operation 10 'load' 'kernel_load_6' <Predicate = true> <Delay = 2.15> <Core = "RAM">   --->   Core 37 'RAM' <Latency = 1> <II = 1> <Delay = 2.15> <Storage> <Opcode : 'load' 'store'> <Ports = 2> <Width = 32> <Depth = 9> <RAM>
ST_1 : Operation 11 [2/2] (2.15ns)   --->   "%cal_conv_load_7 = load i32* getelementptr inbounds ([9 x i32]* @cal_conv, i64 0, i64 7), align 4" [conv.cpp:34]   --->   Operation 11 'load' 'cal_conv_load_7' <Predicate = true> <Delay = 2.15> <Core = "RAM">   --->   Core 37 'RAM' <Latency = 1> <II = 1> <Delay = 2.15> <Storage> <Opcode : 'load' 'store'> <Ports = 2> <Width = 32> <Depth = 9> <RAM>
ST_1 : Operation 12 [2/2] (2.15ns)   --->   "%kernel_load_7 = load i32* getelementptr inbounds ([9 x i32]* @kernel, i64 0, i64 7), align 4" [conv.cpp:34]   --->   Operation 12 'load' 'kernel_load_7' <Predicate = true> <Delay = 2.15> <Core = "RAM">   --->   Core 37 'RAM' <Latency = 1> <II = 1> <Delay = 2.15> <Storage> <Opcode : 'load' 'store'> <Ports = 2> <Width = 32> <Depth = 9> <RAM>

State 2 <SV = 1> <Delay = 2.15>
ST_2 : Operation 13 [2/2] (2.15ns)   --->   "%cal_conv_load_4 = load i32* getelementptr inbounds ([9 x i32]* @cal_conv, i64 0, i64 4), align 16" [conv.cpp:34]   --->   Operation 13 'load' 'cal_conv_load_4' <Predicate = true> <Delay = 2.15> <Core = "RAM">   --->   Core 37 'RAM' <Latency = 1> <II = 1> <Delay = 2.15> <Storage> <Opcode : 'load' 'store'> <Ports = 2> <Width = 32> <Depth = 9> <RAM>
ST_2 : Operation 14 [2/2] (2.15ns)   --->   "%kernel_load_4 = load i32* getelementptr inbounds ([9 x i32]* @kernel, i64 0, i64 4), align 16" [conv.cpp:34]   --->   Operation 14 'load' 'kernel_load_4' <Predicate = true> <Delay = 2.15> <Core = "RAM">   --->   Core 37 'RAM' <Latency = 1> <II = 1> <Delay = 2.15> <Storage> <Opcode : 'load' 'store'> <Ports = 2> <Width = 32> <Depth = 9> <RAM>
ST_2 : Operation 15 [1/2] (2.15ns)   --->   "%cal_conv_load_6 = load i32* getelementptr inbounds ([9 x i32]* @cal_conv, i64 0, i64 6), align 8" [conv.cpp:34]   --->   Operation 15 'load' 'cal_conv_load_6' <Predicate = true> <Delay = 2.15> <Core = "RAM">   --->   Core 37 'RAM' <Latency = 1> <II = 1> <Delay = 2.15> <Storage> <Opcode : 'load' 'store'> <Ports = 2> <Width = 32> <Depth = 9> <RAM>
ST_2 : Operation 16 [1/2] (2.15ns)   --->   "%kernel_load_6 = load i32* getelementptr inbounds ([9 x i32]* @kernel, i64 0, i64 6), align 8" [conv.cpp:34]   --->   Operation 16 'load' 'kernel_load_6' <Predicate = true> <Delay = 2.15> <Core = "RAM">   --->   Core 37 'RAM' <Latency = 1> <II = 1> <Delay = 2.15> <Storage> <Opcode : 'load' 'store'> <Ports = 2> <Width = 32> <Depth = 9> <RAM>
ST_2 : Operation 17 [1/2] (2.15ns)   --->   "%cal_conv_load_7 = load i32* getelementptr inbounds ([9 x i32]* @cal_conv, i64 0, i64 7), align 4" [conv.cpp:34]   --->   Operation 17 'load' 'cal_conv_load_7' <Predicate = true> <Delay = 2.15> <Core = "RAM">   --->   Core 37 'RAM' <Latency = 1> <II = 1> <Delay = 2.15> <Storage> <Opcode : 'load' 'store'> <Ports = 2> <Width = 32> <Depth = 9> <RAM>
ST_2 : Operation 18 [1/2] (2.15ns)   --->   "%kernel_load_7 = load i32* getelementptr inbounds ([9 x i32]* @kernel, i64 0, i64 7), align 4" [conv.cpp:34]   --->   Operation 18 'load' 'kernel_load_7' <Predicate = true> <Delay = 2.15> <Core = "RAM">   --->   Core 37 'RAM' <Latency = 1> <II = 1> <Delay = 2.15> <Storage> <Opcode : 'load' 'store'> <Ports = 2> <Width = 32> <Depth = 9> <RAM>
ST_2 : Operation 19 [2/2] (2.15ns)   --->   "%cal_conv_load_8 = load i32* getelementptr inbounds ([9 x i32]* @cal_conv, i64 0, i64 8), align 16" [conv.cpp:34]   --->   Operation 19 'load' 'cal_conv_load_8' <Predicate = true> <Delay = 2.15> <Core = "RAM">   --->   Core 37 'RAM' <Latency = 1> <II = 1> <Delay = 2.15> <Storage> <Opcode : 'load' 'store'> <Ports = 2> <Width = 32> <Depth = 9> <RAM>
ST_2 : Operation 20 [2/2] (2.15ns)   --->   "%kernel_load_8 = load i32* getelementptr inbounds ([9 x i32]* @kernel, i64 0, i64 8), align 16" [conv.cpp:34]   --->   Operation 20 'load' 'kernel_load_8' <Predicate = true> <Delay = 2.15> <Core = "RAM">   --->   Core 37 'RAM' <Latency = 1> <II = 1> <Delay = 2.15> <Storage> <Opcode : 'load' 'store'> <Ports = 2> <Width = 32> <Depth = 9> <RAM>

State 3 <SV = 2> <Delay = 8.47>
ST_3 : Operation 21 [2/2] (2.15ns)   --->   "%cal_conv_load = load i32* getelementptr inbounds ([9 x i32]* @cal_conv, i64 0, i64 0), align 16" [conv.cpp:34]   --->   Operation 21 'load' 'cal_conv_load' <Predicate = true> <Delay = 2.15> <Core = "RAM">   --->   Core 37 'RAM' <Latency = 1> <II = 1> <Delay = 2.15> <Storage> <Opcode : 'load' 'store'> <Ports = 2> <Width = 32> <Depth = 9> <RAM>
ST_3 : Operation 22 [2/2] (2.15ns)   --->   "%kernel_load = load i32* getelementptr inbounds ([9 x i32]* @kernel, i64 0, i64 0), align 16" [conv.cpp:34]   --->   Operation 22 'load' 'kernel_load' <Predicate = true> <Delay = 2.15> <Core = "RAM">   --->   Core 37 'RAM' <Latency = 1> <II = 1> <Delay = 2.15> <Storage> <Opcode : 'load' 'store'> <Ports = 2> <Width = 32> <Depth = 9> <RAM>
ST_3 : Operation 23 [1/2] (2.15ns)   --->   "%cal_conv_load_4 = load i32* getelementptr inbounds ([9 x i32]* @cal_conv, i64 0, i64 4), align 16" [conv.cpp:34]   --->   Operation 23 'load' 'cal_conv_load_4' <Predicate = true> <Delay = 2.15> <Core = "RAM">   --->   Core 37 'RAM' <Latency = 1> <II = 1> <Delay = 2.15> <Storage> <Opcode : 'load' 'store'> <Ports = 2> <Width = 32> <Depth = 9> <RAM>
ST_3 : Operation 24 [1/2] (2.15ns)   --->   "%kernel_load_4 = load i32* getelementptr inbounds ([9 x i32]* @kernel, i64 0, i64 4), align 16" [conv.cpp:34]   --->   Operation 24 'load' 'kernel_load_4' <Predicate = true> <Delay = 2.15> <Core = "RAM">   --->   Core 37 'RAM' <Latency = 1> <II = 1> <Delay = 2.15> <Storage> <Opcode : 'load' 'store'> <Ports = 2> <Width = 32> <Depth = 9> <RAM>
ST_3 : Operation 25 [2/2] (2.15ns)   --->   "%cal_conv_load_5 = load i32* getelementptr inbounds ([9 x i32]* @cal_conv, i64 0, i64 5), align 4" [conv.cpp:34]   --->   Operation 25 'load' 'cal_conv_load_5' <Predicate = true> <Delay = 2.15> <Core = "RAM">   --->   Core 37 'RAM' <Latency = 1> <II = 1> <Delay = 2.15> <Storage> <Opcode : 'load' 'store'> <Ports = 2> <Width = 32> <Depth = 9> <RAM>
ST_3 : Operation 26 [2/2] (2.15ns)   --->   "%kernel_load_5 = load i32* getelementptr inbounds ([9 x i32]* @kernel, i64 0, i64 5), align 4" [conv.cpp:34]   --->   Operation 26 'load' 'kernel_load_5' <Predicate = true> <Delay = 2.15> <Core = "RAM">   --->   Core 37 'RAM' <Latency = 1> <II = 1> <Delay = 2.15> <Storage> <Opcode : 'load' 'store'> <Ports = 2> <Width = 32> <Depth = 9> <RAM>
ST_3 : Operation 27 [1/1] (8.47ns)   --->   "%mul_ln34_6 = mul nsw i32 %cal_conv_load_6, %kernel_load_6" [conv.cpp:34]   --->   Operation 27 'mul' 'mul_ln34_6' <Predicate = true> <Delay = 8.47> <Core = "Mul">   --->   Core 16 'Mul' <Latency = 0> <II = 1> <Delay = 8.47> <FuncUnit> <Opcode : 'mul'> <InPorts = 2> <OutPorts = 1>
ST_3 : Operation 28 [1/1] (8.47ns)   --->   "%mul_ln34_7 = mul nsw i32 %cal_conv_load_7, %kernel_load_7" [conv.cpp:34]   --->   Operation 28 'mul' 'mul_ln34_7' <Predicate = true> <Delay = 8.47> <Core = "Mul">   --->   Core 16 'Mul' <Latency = 0> <II = 1> <Delay = 8.47> <FuncUnit> <Opcode : 'mul'> <InPorts = 2> <OutPorts = 1>
ST_3 : Operation 29 [1/2] (2.15ns)   --->   "%cal_conv_load_8 = load i32* getelementptr inbounds ([9 x i32]* @cal_conv, i64 0, i64 8), align 16" [conv.cpp:34]   --->   Operation 29 'load' 'cal_conv_load_8' <Predicate = true> <Delay = 2.15> <Core = "RAM">   --->   Core 37 'RAM' <Latency = 1> <II = 1> <Delay = 2.15> <Storage> <Opcode : 'load' 'store'> <Ports = 2> <Width = 32> <Depth = 9> <RAM>
ST_3 : Operation 30 [1/2] (2.15ns)   --->   "%kernel_load_8 = load i32* getelementptr inbounds ([9 x i32]* @kernel, i64 0, i64 8), align 16" [conv.cpp:34]   --->   Operation 30 'load' 'kernel_load_8' <Predicate = true> <Delay = 2.15> <Core = "RAM">   --->   Core 37 'RAM' <Latency = 1> <II = 1> <Delay = 2.15> <Storage> <Opcode : 'load' 'store'> <Ports = 2> <Width = 32> <Depth = 9> <RAM>

State 4 <SV = 3> <Delay = 8.47>
ST_4 : Operation 31 [1/2] (2.15ns)   --->   "%cal_conv_load = load i32* getelementptr inbounds ([9 x i32]* @cal_conv, i64 0, i64 0), align 16" [conv.cpp:34]   --->   Operation 31 'load' 'cal_conv_load' <Predicate = true> <Delay = 2.15> <Core = "RAM">   --->   Core 37 'RAM' <Latency = 1> <II = 1> <Delay = 2.15> <Storage> <Opcode : 'load' 'store'> <Ports = 2> <Width = 32> <Depth = 9> <RAM>
ST_4 : Operation 32 [1/2] (2.15ns)   --->   "%kernel_load = load i32* getelementptr inbounds ([9 x i32]* @kernel, i64 0, i64 0), align 16" [conv.cpp:34]   --->   Operation 32 'load' 'kernel_load' <Predicate = true> <Delay = 2.15> <Core = "RAM">   --->   Core 37 'RAM' <Latency = 1> <II = 1> <Delay = 2.15> <Storage> <Opcode : 'load' 'store'> <Ports = 2> <Width = 32> <Depth = 9> <RAM>
ST_4 : Operation 33 [2/2] (2.15ns)   --->   "%cal_conv_load_1 = load i32* getelementptr inbounds ([9 x i32]* @cal_conv, i64 0, i64 1), align 4" [conv.cpp:34]   --->   Operation 33 'load' 'cal_conv_load_1' <Predicate = true> <Delay = 2.15> <Core = "RAM">   --->   Core 37 'RAM' <Latency = 1> <II = 1> <Delay = 2.15> <Storage> <Opcode : 'load' 'store'> <Ports = 2> <Width = 32> <Depth = 9> <RAM>
ST_4 : Operation 34 [2/2] (2.15ns)   --->   "%kernel_load_1 = load i32* getelementptr inbounds ([9 x i32]* @kernel, i64 0, i64 1), align 4" [conv.cpp:34]   --->   Operation 34 'load' 'kernel_load_1' <Predicate = true> <Delay = 2.15> <Core = "RAM">   --->   Core 37 'RAM' <Latency = 1> <II = 1> <Delay = 2.15> <Storage> <Opcode : 'load' 'store'> <Ports = 2> <Width = 32> <Depth = 9> <RAM>
ST_4 : Operation 35 [2/2] (2.15ns)   --->   "%cal_conv_load_2 = load i32* getelementptr inbounds ([9 x i32]* @cal_conv, i64 0, i64 2), align 8" [conv.cpp:34]   --->   Operation 35 'load' 'cal_conv_load_2' <Predicate = true> <Delay = 2.15> <Core = "RAM">   --->   Core 37 'RAM' <Latency = 1> <II = 1> <Delay = 2.15> <Storage> <Opcode : 'load' 'store'> <Ports = 2> <Width = 32> <Depth = 9> <RAM>
ST_4 : Operation 36 [2/2] (2.15ns)   --->   "%kernel_load_2 = load i32* getelementptr inbounds ([9 x i32]* @kernel, i64 0, i64 2), align 8" [conv.cpp:34]   --->   Operation 36 'load' 'kernel_load_2' <Predicate = true> <Delay = 2.15> <Core = "RAM">   --->   Core 37 'RAM' <Latency = 1> <II = 1> <Delay = 2.15> <Storage> <Opcode : 'load' 'store'> <Ports = 2> <Width = 32> <Depth = 9> <RAM>
ST_4 : Operation 37 [1/1] (8.47ns)   --->   "%mul_ln34_4 = mul nsw i32 %cal_conv_load_4, %kernel_load_4" [conv.cpp:34]   --->   Operation 37 'mul' 'mul_ln34_4' <Predicate = true> <Delay = 8.47> <Core = "Mul">   --->   Core 16 'Mul' <Latency = 0> <II = 1> <Delay = 8.47> <FuncUnit> <Opcode : 'mul'> <InPorts = 2> <OutPorts = 1>
ST_4 : Operation 38 [1/2] (2.15ns)   --->   "%cal_conv_load_5 = load i32* getelementptr inbounds ([9 x i32]* @cal_conv, i64 0, i64 5), align 4" [conv.cpp:34]   --->   Operation 38 'load' 'cal_conv_load_5' <Predicate = true> <Delay = 2.15> <Core = "RAM">   --->   Core 37 'RAM' <Latency = 1> <II = 1> <Delay = 2.15> <Storage> <Opcode : 'load' 'store'> <Ports = 2> <Width = 32> <Depth = 9> <RAM>
ST_4 : Operation 39 [1/2] (2.15ns)   --->   "%kernel_load_5 = load i32* getelementptr inbounds ([9 x i32]* @kernel, i64 0, i64 5), align 4" [conv.cpp:34]   --->   Operation 39 'load' 'kernel_load_5' <Predicate = true> <Delay = 2.15> <Core = "RAM">   --->   Core 37 'RAM' <Latency = 1> <II = 1> <Delay = 2.15> <Storage> <Opcode : 'load' 'store'> <Ports = 2> <Width = 32> <Depth = 9> <RAM>
ST_4 : Operation 40 [1/1] (8.47ns)   --->   "%mul_ln34_8 = mul nsw i32 %cal_conv_load_8, %kernel_load_8" [conv.cpp:34]   --->   Operation 40 'mul' 'mul_ln34_8' <Predicate = true> <Delay = 8.47> <Core = "Mul">   --->   Core 16 'Mul' <Latency = 0> <II = 1> <Delay = 8.47> <FuncUnit> <Opcode : 'mul'> <InPorts = 2> <OutPorts = 1>

State 5 <SV = 4> <Delay = 8.47>
ST_5 : Operation 41 [1/1] (8.47ns)   --->   "%mul_ln34 = mul nsw i32 %cal_conv_load, %kernel_load" [conv.cpp:34]   --->   Operation 41 'mul' 'mul_ln34' <Predicate = true> <Delay = 8.47> <Core = "Mul">   --->   Core 16 'Mul' <Latency = 0> <II = 1> <Delay = 8.47> <FuncUnit> <Opcode : 'mul'> <InPorts = 2> <OutPorts = 1>
ST_5 : Operation 42 [1/2] (2.15ns)   --->   "%cal_conv_load_1 = load i32* getelementptr inbounds ([9 x i32]* @cal_conv, i64 0, i64 1), align 4" [conv.cpp:34]   --->   Operation 42 'load' 'cal_conv_load_1' <Predicate = true> <Delay = 2.15> <Core = "RAM">   --->   Core 37 'RAM' <Latency = 1> <II = 1> <Delay = 2.15> <Storage> <Opcode : 'load' 'store'> <Ports = 2> <Width = 32> <Depth = 9> <RAM>
ST_5 : Operation 43 [1/2] (2.15ns)   --->   "%kernel_load_1 = load i32* getelementptr inbounds ([9 x i32]* @kernel, i64 0, i64 1), align 4" [conv.cpp:34]   --->   Operation 43 'load' 'kernel_load_1' <Predicate = true> <Delay = 2.15> <Core = "RAM">   --->   Core 37 'RAM' <Latency = 1> <II = 1> <Delay = 2.15> <Storage> <Opcode : 'load' 'store'> <Ports = 2> <Width = 32> <Depth = 9> <RAM>
ST_5 : Operation 44 [1/2] (2.15ns)   --->   "%cal_conv_load_2 = load i32* getelementptr inbounds ([9 x i32]* @cal_conv, i64 0, i64 2), align 8" [conv.cpp:34]   --->   Operation 44 'load' 'cal_conv_load_2' <Predicate = true> <Delay = 2.15> <Core = "RAM">   --->   Core 37 'RAM' <Latency = 1> <II = 1> <Delay = 2.15> <Storage> <Opcode : 'load' 'store'> <Ports = 2> <Width = 32> <Depth = 9> <RAM>
ST_5 : Operation 45 [1/2] (2.15ns)   --->   "%kernel_load_2 = load i32* getelementptr inbounds ([9 x i32]* @kernel, i64 0, i64 2), align 8" [conv.cpp:34]   --->   Operation 45 'load' 'kernel_load_2' <Predicate = true> <Delay = 2.15> <Core = "RAM">   --->   Core 37 'RAM' <Latency = 1> <II = 1> <Delay = 2.15> <Storage> <Opcode : 'load' 'store'> <Ports = 2> <Width = 32> <Depth = 9> <RAM>
ST_5 : Operation 46 [2/2] (2.15ns)   --->   "%cal_conv_load_3 = load i32* getelementptr inbounds ([9 x i32]* @cal_conv, i64 0, i64 3), align 4" [conv.cpp:34]   --->   Operation 46 'load' 'cal_conv_load_3' <Predicate = true> <Delay = 2.15> <Core = "RAM">   --->   Core 37 'RAM' <Latency = 1> <II = 1> <Delay = 2.15> <Storage> <Opcode : 'load' 'store'> <Ports = 2> <Width = 32> <Depth = 9> <RAM>
ST_5 : Operation 47 [2/2] (2.15ns)   --->   "%kernel_load_3 = load i32* getelementptr inbounds ([9 x i32]* @kernel, i64 0, i64 3), align 4" [conv.cpp:34]   --->   Operation 47 'load' 'kernel_load_3' <Predicate = true> <Delay = 2.15> <Core = "RAM">   --->   Core 37 'RAM' <Latency = 1> <II = 1> <Delay = 2.15> <Storage> <Opcode : 'load' 'store'> <Ports = 2> <Width = 32> <Depth = 9> <RAM>
ST_5 : Operation 48 [1/1] (8.47ns)   --->   "%mul_ln34_5 = mul nsw i32 %cal_conv_load_5, %kernel_load_5" [conv.cpp:34]   --->   Operation 48 'mul' 'mul_ln34_5' <Predicate = true> <Delay = 8.47> <Core = "Mul">   --->   Core 16 'Mul' <Latency = 0> <II = 1> <Delay = 8.47> <FuncUnit> <Opcode : 'mul'> <InPorts = 2> <OutPorts = 1>
ST_5 : Operation 49 [1/1] (0.00ns) (grouped into TernaryAdder)   --->   "%add_ln34_4 = add i32 %mul_ln34_7, %mul_ln34_8" [conv.cpp:34]   --->   Operation 49 'add' 'add_ln34_4' <Predicate = true> <Delay = 0.00> <Core = "TAddSub">   --->   Core 83 'TAddSub' <Latency = 0> <II = 1> <Delay = 2.25> <IPBlock> <Opcode : 'add' 'sub'> <InPorts = 3> <OutPorts = 1> <Sync> <CReg>
ST_5 : Operation 50 [1/1] (4.50ns) (root node of TernaryAdder)   --->   "%add_ln34_5 = add i32 %add_ln34_4, %mul_ln34_6" [conv.cpp:34]   --->   Operation 50 'add' 'add_ln34_5' <Predicate = true> <Delay = 4.50> <Core = "TAddSub">   --->   Core 83 'TAddSub' <Latency = 0> <II = 1> <Delay = 2.25> <IPBlock> <Opcode : 'add' 'sub'> <InPorts = 3> <OutPorts = 1> <Sync> <CReg>

State 6 <SV = 5> <Delay = 8.47>
ST_6 : Operation 51 [1/1] (8.47ns)   --->   "%mul_ln34_1 = mul nsw i32 %cal_conv_load_1, %kernel_load_1" [conv.cpp:34]   --->   Operation 51 'mul' 'mul_ln34_1' <Predicate = true> <Delay = 8.47> <Core = "Mul">   --->   Core 16 'Mul' <Latency = 0> <II = 1> <Delay = 8.47> <FuncUnit> <Opcode : 'mul'> <InPorts = 2> <OutPorts = 1>
ST_6 : Operation 52 [1/1] (8.47ns)   --->   "%mul_ln34_2 = mul nsw i32 %cal_conv_load_2, %kernel_load_2" [conv.cpp:34]   --->   Operation 52 'mul' 'mul_ln34_2' <Predicate = true> <Delay = 8.47> <Core = "Mul">   --->   Core 16 'Mul' <Latency = 0> <II = 1> <Delay = 8.47> <FuncUnit> <Opcode : 'mul'> <InPorts = 2> <OutPorts = 1>
ST_6 : Operation 53 [1/2] (2.15ns)   --->   "%cal_conv_load_3 = load i32* getelementptr inbounds ([9 x i32]* @cal_conv, i64 0, i64 3), align 4" [conv.cpp:34]   --->   Operation 53 'load' 'cal_conv_load_3' <Predicate = true> <Delay = 2.15> <Core = "RAM">   --->   Core 37 'RAM' <Latency = 1> <II = 1> <Delay = 2.15> <Storage> <Opcode : 'load' 'store'> <Ports = 2> <Width = 32> <Depth = 9> <RAM>
ST_6 : Operation 54 [1/2] (2.15ns)   --->   "%kernel_load_3 = load i32* getelementptr inbounds ([9 x i32]* @kernel, i64 0, i64 3), align 4" [conv.cpp:34]   --->   Operation 54 'load' 'kernel_load_3' <Predicate = true> <Delay = 2.15> <Core = "RAM">   --->   Core 37 'RAM' <Latency = 1> <II = 1> <Delay = 2.15> <Storage> <Opcode : 'load' 'store'> <Ports = 2> <Width = 32> <Depth = 9> <RAM>
ST_6 : Operation 55 [1/1] (0.00ns) (grouped into TernaryAdder)   --->   "%add_ln34_3 = add i32 %mul_ln34_4, %mul_ln34_5" [conv.cpp:34]   --->   Operation 55 'add' 'add_ln34_3' <Predicate = true> <Delay = 0.00> <Core = "TAddSub">   --->   Core 83 'TAddSub' <Latency = 0> <II = 1> <Delay = 2.25> <IPBlock> <Opcode : 'add' 'sub'> <InPorts = 3> <OutPorts = 1> <Sync> <CReg>
ST_6 : Operation 56 [1/1] (4.50ns) (root node of TernaryAdder)   --->   "%add_ln34_6 = add i32 %add_ln34_5, %add_ln34_3" [conv.cpp:34]   --->   Operation 56 'add' 'add_ln34_6' <Predicate = true> <Delay = 4.50> <Core = "TAddSub">   --->   Core 83 'TAddSub' <Latency = 0> <II = 1> <Delay = 2.25> <IPBlock> <Opcode : 'add' 'sub'> <InPorts = 3> <OutPorts = 1> <Sync> <CReg>

State 7 <SV = 6> <Delay = 8.47>
ST_7 : Operation 57 [1/1] (8.47ns)   --->   "%mul_ln34_3 = mul nsw i32 %cal_conv_load_3, %kernel_load_3" [conv.cpp:34]   --->   Operation 57 'mul' 'mul_ln34_3' <Predicate = true> <Delay = 8.47> <Core = "Mul">   --->   Core 16 'Mul' <Latency = 0> <II = 1> <Delay = 8.47> <FuncUnit> <Opcode : 'mul'> <InPorts = 2> <OutPorts = 1>
ST_7 : Operation 58 [1/1] (2.70ns)   --->   "%add_ln34 = add i32 %mul_ln34, %mul_ln34_1" [conv.cpp:34]   --->   Operation 58 'add' 'add_ln34' <Predicate = true> <Delay = 2.70> <Core = "AddSub">   --->   Core 14 'AddSub' <Latency = 0> <II = 1> <Delay = 2.70> <FuncUnit> <Opcode : 'add' 'sub'> <InPorts = 2> <OutPorts = 1>

State 8 <SV = 7> <Delay = 7.20>
ST_8 : Operation 59 [1/1] (2.70ns)   --->   "%add_ln34_1 = add i32 %mul_ln34_2, %mul_ln34_3" [conv.cpp:34]   --->   Operation 59 'add' 'add_ln34_1' <Predicate = true> <Delay = 2.70> <Core = "AddSub">   --->   Core 14 'AddSub' <Latency = 0> <II = 1> <Delay = 2.70> <FuncUnit> <Opcode : 'add' 'sub'> <InPorts = 2> <OutPorts = 1>
ST_8 : Operation 60 [1/1] (0.00ns) (grouped into TernaryAdder)   --->   "%add_ln34_2 = add i32 %add_ln34_1, %add_ln34" [conv.cpp:34]   --->   Operation 60 'add' 'add_ln34_2' <Predicate = true> <Delay = 0.00> <Core = "TAddSub">   --->   Core 83 'TAddSub' <Latency = 0> <II = 1> <Delay = 2.25> <IPBlock> <Opcode : 'add' 'sub'> <InPorts = 3> <OutPorts = 1> <Sync> <CReg>
ST_8 : Operation 61 [1/1] (4.50ns) (root node of TernaryAdder)   --->   "%add_ln34_7 = add nsw i32 %add_ln34_6, %add_ln34_2" [conv.cpp:34]   --->   Operation 61 'add' 'add_ln34_7' <Predicate = true> <Delay = 4.50> <Core = "TAddSub">   --->   Core 83 'TAddSub' <Latency = 0> <II = 1> <Delay = 2.25> <IPBlock> <Opcode : 'add' 'sub'> <InPorts = 3> <OutPorts = 1> <Sync> <CReg>
ST_8 : Operation 62 [1/1] (0.00ns)   --->   "ret i32 %add_ln34_7" [conv.cpp:37]   --->   Operation 62 'ret' <Predicate = true> <Delay = 0.00>


============================================================
+ Verbose Summary: Timing violations
============================================================
Target clock period: 10ns, clock uncertainty: 1.25ns.

 <State 1>: 2.15ns
The critical path consists of the following:
	'load' operation ('cal_conv_load_6', conv.cpp:34) on array 'cal_conv' [19]  (2.15 ns)

 <State 2>: 2.15ns
The critical path consists of the following:
	'load' operation ('cal_conv_load_4', conv.cpp:34) on array 'cal_conv' [13]  (2.15 ns)

 <State 3>: 8.47ns
The critical path consists of the following:
	'mul' operation ('mul_ln34_6', conv.cpp:34) [21]  (8.47 ns)

 <State 4>: 8.47ns
The critical path consists of the following:
	'mul' operation ('mul_ln34_4', conv.cpp:34) [15]  (8.47 ns)

 <State 5>: 8.47ns
The critical path consists of the following:
	'mul' operation ('mul_ln34', conv.cpp:34) [3]  (8.47 ns)

 <State 6>: 8.47ns
The critical path consists of the following:
	'mul' operation ('mul_ln34_1', conv.cpp:34) [6]  (8.47 ns)

 <State 7>: 8.47ns
The critical path consists of the following:
	'mul' operation ('mul_ln34_3', conv.cpp:34) [12]  (8.47 ns)

 <State 8>: 7.21ns
The critical path consists of the following:
	'add' operation ('add_ln34_1', conv.cpp:34) [29]  (2.7 ns)
	'add' operation ('add_ln34_2', conv.cpp:34) [30]  (0 ns)
	'add' operation ('add_ln34_7', conv.cpp:34) [35]  (4.5 ns)


============================================================
+ Verbose Summary: Binding
============================================================
N/A
* FSMD analyzer results:
  - Output states:
 - Input state : 
  - Chain level:
	State 1
	State 2
	State 3
	State 4
	State 5
	State 6
	State 7
	State 8


============================================================
+ Verbose Summary: Datapath Resource usage 
============================================================
N/A
